Unity Editor version:    2022.3.3f1 (7cdc2969a641)
Branch:                  2022.3/staging
Build type:              Release
Batch mode:              YES
macOS version:           Version 13.1 (Build 22C65)
Darwin version:          22.2.0
Architecture:            arm64
Running under Rosetta:   NO
Available memory:        16384 MB
Using pre-set license
Pro License: YES

COMMAND LINE ARGUMENTS:
/Applications/Unity/Hub/Editor/2022.3.3f1/Unity.app/Contents/MacOS/Unity
-adb2
-batchMode
-noUpm
-name
AssetImportWorker1
-projectPath
/Users/zumralkan/Desktop/oyun fabrikası/firstgame
-logFile
Logs/AssetImportWorker1.log
-srvPort
54591
Successfully changed project path to: /Users/zumralkan/Desktop/oyun fabrikası/firstgame
/Users/zumralkan/Desktop/oyun fabrikası/firstgame
[UnityMemory] Configuration Parameters - Can be set up in boot.config
    "memorysetup-bucket-allocator-granularity=16"
    "memorysetup-bucket-allocator-bucket-count=8"
    "memorysetup-bucket-allocator-block-size=33554432"
    "memorysetup-bucket-allocator-block-count=8"
    "memorysetup-main-allocator-block-size=16777216"
    "memorysetup-thread-allocator-block-size=16777216"
    "memorysetup-gfx-main-allocator-block-size=16777216"
    "memorysetup-gfx-thread-allocator-block-size=16777216"
    "memorysetup-cache-allocator-block-size=4194304"
    "memorysetup-typetree-allocator-block-size=2097152"
    "memorysetup-profiler-bucket-allocator-granularity=16"
    "memorysetup-profiler-bucket-allocator-bucket-count=8"
    "memorysetup-profiler-bucket-allocator-block-size=33554432"
    "memorysetup-profiler-bucket-allocator-block-count=8"
    "memorysetup-profiler-allocator-block-size=16777216"
    "memorysetup-profiler-editor-allocator-block-size=1048576"
    "memorysetup-temp-allocator-size-main=16777216"
    "memorysetup-job-temp-allocator-block-size=2097152"
    "memorysetup-job-temp-allocator-block-size-background=1048576"
    "memorysetup-job-temp-allocator-reduction-small-platforms=262144"
    "memorysetup-allocator-temp-initial-block-size-main=262144"
    "memorysetup-allocator-temp-initial-block-size-worker=262144"
    "memorysetup-temp-allocator-size-background-worker=32768"
    "memorysetup-temp-allocator-size-job-worker=262144"
    "memorysetup-temp-allocator-size-preload-manager=33554432"
    "memorysetup-temp-allocator-size-nav-mesh-worker=65536"
    "memorysetup-temp-allocator-size-audio-worker=65536"
    "memorysetup-temp-allocator-size-cloud-worker=32768"
    "memorysetup-temp-allocator-size-gi-baking-worker=262144"
    "memorysetup-temp-allocator-size-gfx=262144"
Player connection [8832219776] Host "[IP] 10.93.186.68 [Port] 0 [Flags] 2 [Guid] 4138320449 [EditorId] 4138320449 [Version] 1048832 [Id] OSXEditor(0,Zumra-MacBook-Air.local) [Debug] 1 [PackageName] OSXEditor [ProjectName] Editor" joined multi-casting on [225.0.0.222:54997]...

Player connection [8832219776] Host "[IP] 10.93.186.68 [Port] 0 [Flags] 2 [Guid] 4138320449 [EditorId] 4138320449 [Version] 1048832 [Id] OSXEditor(0,Zumra-MacBook-Air.local) [Debug] 1 [PackageName] OSXEditor [ProjectName] Editor" joined alternative multi-casting on [225.0.0.222:34997]...

Refreshing native plugins compatible for Editor in 2.01 ms, found 2 plugins.
Preloading 0 native plugins for Editor in 0.00 ms.
Initialize engine version: 2022.3.3f1 (7cdc2969a641)
[Subsystems] Discovering subsystems at path /Applications/Unity/Hub/Editor/2022.3.3f1/Unity.app/Contents/Resources/UnitySubsystems
[Subsystems] Discovering subsystems at path /Users/zumralkan/Desktop/oyun fabrikası/firstgame/Assets
GfxDevice: creating device client; threaded=0; jobified=0
 preferred device: Apple M1 (high power)
Metal devices available: 1
0: Apple M1 (high power)
Using device Apple M1 (high power)
Initializing Metal device caps: Apple M1
Initialize mono
Mono path[0] = '/Applications/Unity/Hub/Editor/2022.3.3f1/Unity.app/Contents/Managed'
Mono path[1] = '/Applications/Unity/Hub/Editor/2022.3.3f1/Unity.app/Contents/MonoBleedingEdge/lib/mono/unityjit-macos'
Mono config path = '/Applications/Unity/Hub/Editor/2022.3.3f1/Unity.app/Contents/MonoBleedingEdge/etc'
Using monoOptions --debugger-agent=transport=dt_socket,embedding=1,server=y,suspend=n,address=127.0.0.1:56305
Begin MonoManager ReloadAssembly
Registering precompiled unity dll's ...
Register platform support module: /Applications/Unity/Hub/Editor/2022.3.3f1/Unity.app/Contents/PlaybackEngines/MacStandaloneSupport/UnityEditor.OSXStandalone.Extensions.dll
Register platform support module: /Applications/Unity/Hub/Editor/2022.3.3f1/PlaybackEngines/AndroidPlayer/UnityEditor.Android.Extensions.dll
Registered in 0.001058 seconds.
- Loaded All Assemblies, in  0.186 seconds
Native extension for Android target not found
Android Extension - Scanning For ADB Devices 77 ms
Native extension for OSXStandalone target not found
Mono: successfully reloaded assembly
- Finished resetting the current domain, in  0.251 seconds
Domain Reload Profiling: 437ms
	BeginReloadAssembly (44ms)
		ExecutionOrderSort (0ms)
		DisableScriptedObjects (0ms)
		BackupInstance (0ms)
		ReleaseScriptingObjects (0ms)
		CreateAndSetChildDomain (0ms)
	RebuildCommonClasses (21ms)
	RebuildNativeTypeToScriptingClass (7ms)
	initialDomainReloadingComplete (28ms)
	LoadAllAssembliesAndSetupDomain (86ms)
		LoadAssemblies (43ms)
		RebuildTransferFunctionScriptingTraits (0ms)
		AnalyzeDomain (84ms)
			TypeCache.Refresh (84ms)
				TypeCache.ScanAssembly (77ms)
			ScanForSourceGeneratedMonoScriptInfo (0ms)
			ResolveRequiredComponents (0ms)
	FinalizeReload (251ms)
		ReleaseScriptCaches (0ms)
		RebuildScriptCaches (0ms)
		SetupLoadedEditorAssemblies (216ms)
			LogAssemblyErrors (0ms)
			InitializePlatformSupportModulesInManaged (140ms)
			SetLoadedEditorAssemblies (2ms)
			RefreshPlugins (0ms)
			BeforeProcessingInitializeOnLoad (1ms)
			ProcessInitializeOnLoadAttributes (48ms)
			ProcessInitializeOnLoadMethodAttributes (23ms)
			AfterProcessingInitializeOnLoad (0ms)
			EditorAssembliesLoaded (0ms)
		ExecutionOrderSort2 (0ms)
		AwakeInstancesAfterBackupRestoration (0ms)
========================================================================
Worker process is ready to serve import requests
Begin MonoManager ReloadAssembly
Symbol file LoadedFromMemory doesn't match image /Users/zumralkan/Desktop/oyun fabrikası/firstgame/Library/PackageCache/com.unity.visualscripting@1.8.0/Editor/VisualScripting.Core/Dependencies/YamlDotNet/Unity.VisualScripting.YamlDotNet.dll
Symbol file LoadedFromMemory doesn't match image /Users/zumralkan/Desktop/oyun fabrikası/firstgame/Library/PackageCache/com.unity.visualscripting@1.8.0/Editor/VisualScripting.Core/Dependencies/DotNetZip/Unity.VisualScripting.IonicZip.dll
- Loaded All Assemblies, in  0.395 seconds
Refreshing native plugins compatible for Editor in 1.31 ms, found 2 plugins.
Native extension for Android target not found
Native extension for OSXStandalone target not found
Mono: successfully reloaded assembly
- Finished resetting the current domain, in  0.270 seconds
Domain Reload Profiling: 666ms
	BeginReloadAssembly (74ms)
		ExecutionOrderSort (0ms)
		DisableScriptedObjects (3ms)
		BackupInstance (0ms)
		ReleaseScriptingObjects (0ms)
		CreateAndSetChildDomain (20ms)
	RebuildCommonClasses (23ms)
	RebuildNativeTypeToScriptingClass (8ms)
	initialDomainReloadingComplete (22ms)
	LoadAllAssembliesAndSetupDomain (268ms)
		LoadAssemblies (114ms)
		RebuildTransferFunctionScriptingTraits (0ms)
		AnalyzeDomain (184ms)
			TypeCache.Refresh (175ms)
				TypeCache.ScanAssembly (167ms)
			ScanForSourceGeneratedMonoScriptInfo (6ms)
			ResolveRequiredComponents (3ms)
	FinalizeReload (271ms)
		ReleaseScriptCaches (0ms)
		RebuildScriptCaches (0ms)
		SetupLoadedEditorAssemblies (178ms)
			LogAssemblyErrors (0ms)
			InitializePlatformSupportModulesInManaged (12ms)
			SetLoadedEditorAssemblies (2ms)
			RefreshPlugins (0ms)
			BeforeProcessingInitializeOnLoad (31ms)
			ProcessInitializeOnLoadAttributes (122ms)
			ProcessInitializeOnLoadMethodAttributes (10ms)
			AfterProcessingInitializeOnLoad (1ms)
			EditorAssembliesLoaded (0ms)
		ExecutionOrderSort2 (0ms)
		AwakeInstancesAfterBackupRestoration (2ms)
Launching external process: /Applications/Unity/Hub/Editor/2022.3.3f1/Unity.app/Contents/Tools/UnityShaderCompiler
Launched and connected shader compiler UnityShaderCompiler after 0.05 seconds
Refreshing native plugins compatible for Editor in 0.72 ms, found 2 plugins.
Preloading 0 native plugins for Editor in 0.00 ms.
Unloading 3066 Unused Serialized files (Serialized files now loaded: 0)
Unloading 31 unused Assets / (50.8 KB). Loaded Objects now: 3533.
Memory consumption went from 124.3 MB to 124.2 MB.
Total: 2.501208 ms (FindLiveObjects: 0.106416 ms CreateObjectMapping: 0.035209 ms MarkObjects: 2.258042 ms  DeleteObjects: 0.100750 ms)

AssetImportParameters requested are different than current active one (requested -> active):
  custom:container-demuxer-ogg: 62fdf1f143b41e24485cea50d1cbac27 -> 
  custom:video-decoder-ogg-theora: a1e56fd34408186e4bbccfd4996cb3dc -> 
  custom:container-demuxer-webm: 4f35f7cbe854078d1ac9338744f61a02 -> 
  custom:container-muxer-webm: aa71ff27fc2769a1b78a27578f13a17b -> 
  custom:video-decoder-webm-vp8: 9c59270c3fd7afecdb556c50c9e8de78 -> 
  custom:AudioImporter_EditorPlatform: 3918e3fc78b5a79bad01e8451be0beb8 -> 
  custom:framework-osx-AVFoundation: e770b220cccbd017edd2c1fefb359320 -> 
  custom:video-encoder-webm-vp8: eb34c28f22e8b96e1ab97ce403110664 -> 
  custom:audio-decoder-ogg-vorbis: bf7c407c2cedff20999df2af8eb42d56 -> 
  custom:audio-encoder-webm-vorbis: bf7c407c2cedff20999df2af8eb42d56 -> 
========================================================================
Received Prepare
Refreshing native plugins compatible for Editor in 1.60 ms, found 2 plugins.
Preloading 0 native plugins for Editor in 0.00 ms.
Unloading 1 Unused Serialized files (Serialized files now loaded: 0)
Unloading 1 unused Assets / (3.0 KB). Loaded Objects now: 3533.
Memory consumption went from 75.0 MB to 75.0 MB.
Total: 2.190750 ms (FindLiveObjects: 0.102250 ms CreateObjectMapping: 0.034834 ms MarkObjects: 2.043208 ms  DeleteObjects: 0.010292 ms)

Prepare: number of updated asset objects reloaded= 0
AssetImportParameters requested are different than current active one (requested -> active):
  custom:container-demuxer-ogg: 62fdf1f143b41e24485cea50d1cbac27 -> 
  custom:video-decoder-ogg-theora: a1e56fd34408186e4bbccfd4996cb3dc -> 
  custom:container-demuxer-webm: 4f35f7cbe854078d1ac9338744f61a02 -> 
  custom:container-muxer-webm: aa71ff27fc2769a1b78a27578f13a17b -> 
  custom:video-decoder-webm-vp8: 9c59270c3fd7afecdb556c50c9e8de78 -> 
  custom:SearchIndexIgnoredProperties: e643bd26f0fe6173181afceb89e7c659 -> 
  custom:AudioImporter_EditorPlatform: 3918e3fc78b5a79bad01e8451be0beb8 -> 
  custom:framework-osx-AVFoundation: e770b220cccbd017edd2c1fefb359320 -> 
  custom:video-encoder-webm-vp8: eb34c28f22e8b96e1ab97ce403110664 -> 
  custom:audio-decoder-ogg-vorbis: bf7c407c2cedff20999df2af8eb42d56 -> 
  custom:audio-encoder-webm-vorbis: bf7c407c2cedff20999df2af8eb42d56 -> 
========================================================================
Received Import Request.
  Time since last request: 43272.267907 seconds.
  path: Assets/Medieval village/Cart/PREFABs
  artifactKey: Guid(688379869391ac54ea01046ac9f29b80) Importer(2089858483,0ecaa5967403d082aa24f35e1b516d23)
Start importing Assets/Medieval village/Cart/PREFABs using Guid(688379869391ac54ea01046ac9f29b80) Importer(2089858483,0ecaa5967403d082aa24f35e1b516d23)  -> (artifact id: '14063024cf284ee5bb05793f7537d303') in 0.061864 seconds
Number of updated asset objects reloaded before import = 0
Number of asset objects unloaded after import = 1
========================================================================
Received Import Request.
  Time since last request: 0.000173 seconds.
  path: Assets/Medieval village
  artifactKey: Guid(a3d67abb7133e4ecdb6db2df847a5aa3) Importer(2089858483,0ecaa5967403d082aa24f35e1b516d23)
Start importing Assets/Medieval village using Guid(a3d67abb7133e4ecdb6db2df847a5aa3) Importer(2089858483,0ecaa5967403d082aa24f35e1b516d23)  -> (artifact id: '35d2d8dfa118f7dc04f1a830336bc0ce') in 0.001915 seconds
Number of updated asset objects reloaded before import = 0
Number of asset objects unloaded after import = 1
========================================================================
Received Import Request.
  Time since last request: 0.000089 seconds.
  path: Assets/Medieval village/Cart/PREFABs/straw.prefab
  artifactKey: Guid(99a88abdf3ad4d74790fdc2eb99677ee) Importer(2089858483,0ecaa5967403d082aa24f35e1b516d23)
Start importing Assets/Medieval village/Cart/PREFABs/straw.prefab using Guid(99a88abdf3ad4d74790fdc2eb99677ee) Importer(2089858483,0ecaa5967403d082aa24f35e1b516d23)  -> (artifact id: '51f666c94797b3ec373881d1a23857f6') in 0.023991 seconds
Number of updated asset objects reloaded before import = 0
Number of asset objects unloaded after import = 7
========================================================================
Received Import Request.
  Time since last request: 0.000106 seconds.
  path: Assets/Medieval village/Cart/straw.fbx
  artifactKey: Guid(54ac63b3ae8e9c64caf4aa284c5479c6) Importer(2089858483,0ecaa5967403d082aa24f35e1b516d23)
Start importing Assets/Medieval village/Cart/straw.fbx using Guid(54ac63b3ae8e9c64caf4aa284c5479c6) Importer(2089858483,0ecaa5967403d082aa24f35e1b516d23)  -> (artifact id: '15807a84ecc6460afe0c7c40b4760c5d') in 0.020071 seconds
Number of updated asset objects reloaded before import = 0
Number of asset objects unloaded after import = 7
========================================================================
Received Import Request.
  Time since last request: 0.000045 seconds.
  path: Assets/Medieval village/Cart/cart_test_sceneSettings.lighting
  artifactKey: Guid(ce9b99385181d4c09a067701d4da27a8) Importer(2089858483,0ecaa5967403d082aa24f35e1b516d23)
Start importing Assets/Medieval village/Cart/cart_test_sceneSettings.lighting using Guid(ce9b99385181d4c09a067701d4da27a8) Importer(2089858483,0ecaa5967403d082aa24f35e1b516d23) LightingSettings: switching bake backend from 2 to 0.
 -> (artifact id: '892cc8d6cc0a886248f220879ffe3d4c') in 0.010776 seconds
Number of updated asset objects reloaded before import = 0
Number of asset objects unloaded after import = 1
========================================================================
Received Import Request.
  Time since last request: 0.000087 seconds.
  path: Assets/Medieval village/Cart/Materials
  artifactKey: Guid(9e16fe37ca6e52042b76bb31f1db0c9b) Importer(2089858483,0ecaa5967403d082aa24f35e1b516d23)
Start importing Assets/Medieval village/Cart/Materials using Guid(9e16fe37ca6e52042b76bb31f1db0c9b) Importer(2089858483,0ecaa5967403d082aa24f35e1b516d23)  -> (artifact id: '800ec6cdffba66df0b866346b6e86f5a') in 0.001351 seconds
Number of updated asset objects reloaded before import = 0
Number of asset objects unloaded after import = 1
========================================================================
Received Import Request.
  Time since last request: 0.000097 seconds.
  path: Assets/Medieval village/Cart/cart_4w.fbx
  artifactKey: Guid(41cd55efaf0e951419f2bbe9a1117252) Importer(2089858483,0ecaa5967403d082aa24f35e1b516d23)
Start importing Assets/Medieval village/Cart/cart_4w.fbx using Guid(41cd55efaf0e951419f2bbe9a1117252) Importer(2089858483,0ecaa5967403d082aa24f35e1b516d23)  -> (artifact id: 'ed9a045c878f57d84a383ad05f1298cf') in 0.009062 seconds
Number of updated asset objects reloaded before import = 0
Number of asset objects unloaded after import = 19
========================================================================
Received Import Request.
  Time since last request: 0.000030 seconds.
  path: Assets/Medieval village/Cart/PREFABs/cart_2w.prefab
  artifactKey: Guid(3c0c424ddafa2834686e636738b21e86) Importer(2089858483,0ecaa5967403d082aa24f35e1b516d23)
Start importing Assets/Medieval village/Cart/PREFABs/cart_2w.prefab using Guid(3c0c424ddafa2834686e636738b21e86) Importer(2089858483,0ecaa5967403d082aa24f35e1b516d23)  -> (artifact id: '177d9886112fb36a2cbae9f5678bb9f0') in 0.004154 seconds
Number of updated asset objects reloaded before import = 0
Number of asset objects unloaded after import = 12
========================================================================
Received Import Request.
  Time since last request: 0.000030 seconds.
  path: Assets/Medieval village/Cart
  artifactKey: Guid(b8696dc50dc29447dab3e44b0df6739e) Importer(2089858483,0ecaa5967403d082aa24f35e1b516d23)
Start importing Assets/Medieval village/Cart using Guid(b8696dc50dc29447dab3e44b0df6739e) Importer(2089858483,0ecaa5967403d082aa24f35e1b516d23)  -> (artifact id: 'cbf0b2ea2e4db58064298db37ff3c1b0') in 0.001403 seconds
Number of updated asset objects reloaded before import = 0
Number of asset objects unloaded after import = 1
========================================================================
Received Import Request.
  Time since last request: 0.000172 seconds.
  path: Assets/Medieval village/Cart/Textures
  artifactKey: Guid(bf53429ea04bda347886a30b87865218) Importer(2089858483,0ecaa5967403d082aa24f35e1b516d23)
Start importing Assets/Medieval village/Cart/Textures using Guid(bf53429ea04bda347886a30b87865218) Importer(2089858483,0ecaa5967403d082aa24f35e1b516d23)  -> (artifact id: '92a25b9dfd3772f0677fd49d63b5e173') in 0.001516 seconds
Number of updated asset objects reloaded before import = 0
Number of asset objects unloaded after import = 1
========================================================================
Received Import Request.
  Time since last request: 0.000095 seconds.
  path: Assets/Medieval village/Cart/cart_2w.fbx
  artifactKey: Guid(a20ac59a5464b38429c4363fe7f4d100) Importer(2089858483,0ecaa5967403d082aa24f35e1b516d23)
Start importing Assets/Medieval village/Cart/cart_2w.fbx using Guid(a20ac59a5464b38429c4363fe7f4d100) Importer(2089858483,0ecaa5967403d082aa24f35e1b516d23)  -> (artifact id: 'df00d76a74aafea210cee12eff57e0d8') in 0.008184 seconds
Number of updated asset objects reloaded before import = 0
Number of asset objects unloaded after import = 7
========================================================================
Received Import Request.
  Time since last request: 234.645780 seconds.
  path: Assets/Fantasy Forest Environment Free Sample/Materials/skyMaterial.mat
  artifactKey: Guid(cb20c710b0721ef4d88cabbec2aa4da7) Importer(2089858483,0ecaa5967403d082aa24f35e1b516d23)
Start importing Assets/Fantasy Forest Environment Free Sample/Materials/skyMaterial.mat using Guid(cb20c710b0721ef4d88cabbec2aa4da7) Importer(2089858483,0ecaa5967403d082aa24f35e1b516d23)  -> (artifact id: '500af7b277b891f48e96f2ab326621ee') in 0.029105 seconds
Number of updated asset objects reloaded before import = 0
Number of asset objects unloaded after import = 1
========================================================================
Received Import Request.
  Time since last request: 0.000447 seconds.
  path: Assets/Fantasy Forest Environment Free Sample/Materials
  artifactKey: Guid(cd0f69bea45e4f84ea174419ce134ce1) Importer(2089858483,0ecaa5967403d082aa24f35e1b516d23)
Start importing Assets/Fantasy Forest Environment Free Sample/Materials using Guid(cd0f69bea45e4f84ea174419ce134ce1) Importer(2089858483,0ecaa5967403d082aa24f35e1b516d23)  -> (artifact id: '4117fbac77e3aa23178073cdc5a4f297') in 0.003361 seconds
Number of updated asset objects reloaded before import = 0
Number of asset objects unloaded after import = 1
========================================================================
Received Import Request.
  Time since last request: 0.000158 seconds.
  path: Assets/Fantasy Forest Environment Free Sample/Materials/tree_branches.mat
  artifactKey: Guid(16a185093c7e02d40a49265c23c74417) Importer(2089858483,0ecaa5967403d082aa24f35e1b516d23)
Start importing Assets/Fantasy Forest Environment Free Sample/Materials/tree_branches.mat using Guid(16a185093c7e02d40a49265c23c74417) Importer(2089858483,0ecaa5967403d082aa24f35e1b516d23)  -> (artifact id: '6abae76ec39714a9f6c8d35e28ff7251') in 0.119899 seconds
Number of updated asset objects reloaded before import = 0
Number of asset objects unloaded after import = 3
========================================================================
Received Import Request.
  Time since last request: 0.000030 seconds.
  path: Assets/Fantasy Forest Environment Free Sample/Scenes/assets.unity
  artifactKey: Guid(a143ab047b99a124ca579bc8e0366cd3) Importer(2089858483,0ecaa5967403d082aa24f35e1b516d23)
Start importing Assets/Fantasy Forest Environment Free Sample/Scenes/assets.unity using Guid(a143ab047b99a124ca579bc8e0366cd3) Importer(2089858483,0ecaa5967403d082aa24f35e1b516d23)  -> (artifact id: '79ce731b27763dda153551f9aa03b3d7') in 0.002283 seconds
Number of updated asset objects reloaded before import = 0
Number of asset objects unloaded after import = 1
========================================================================
Received Import Request.
  Time since last request: 0.000081 seconds.
  path: Assets/Fantasy Forest Environment Free Sample/Textures/bark01_bottom.tga
  artifactKey: Guid(4e44992d8a199a546aeaaa6ebc63b91a) Importer(2089858483,0ecaa5967403d082aa24f35e1b516d23)
Start importing Assets/Fantasy Forest Environment Free Sample/Textures/bark01_bottom.tga using Guid(4e44992d8a199a546aeaaa6ebc63b91a) Importer(2089858483,0ecaa5967403d082aa24f35e1b516d23)  -> (artifact id: 'b1a67724e060e3bdeef5a7bdaabdf595') in 0.028065 seconds
Number of updated asset objects reloaded before import = 0
Number of asset objects unloaded after import = 1
========================================================================
Received Import Request.
  Time since last request: 0.000050 seconds.
  path: Assets/Fantasy Forest Environment Free Sample/Meshes
  artifactKey: Guid(eaaaee0f57e935647bce706f4ad8f73b) Importer(2089858483,0ecaa5967403d082aa24f35e1b516d23)
Start importing Assets/Fantasy Forest Environment Free Sample/Meshes using Guid(eaaaee0f57e935647bce706f4ad8f73b) Importer(2089858483,0ecaa5967403d082aa24f35e1b516d23)  -> (artifact id: '9037e50ff0d85a6a271d36e40c6c1b20') in 0.001492 seconds
Number of updated asset objects reloaded before import = 0
Number of asset objects unloaded after import = 1
========================================================================
Received Import Request.
  Time since last request: 0.000125 seconds.
  path: Assets/Fantasy Forest Environment Free Sample/Scenes/New Terrain.asset
  artifactKey: Guid(02bc0e2176f6a4e4ea3faf0c622664cf) Importer(2089858483,0ecaa5967403d082aa24f35e1b516d23)
Start importing Assets/Fantasy Forest Environment Free Sample/Scenes/New Terrain.asset using Guid(02bc0e2176f6a4e4ea3faf0c622664cf) Importer(2089858483,0ecaa5967403d082aa24f35e1b516d23)  -> (artifact id: '6edd0cf67ea4553798a53801cc1b43fb') in 0.060803 seconds
Number of updated asset objects reloaded before import = 0
Number of asset objects unloaded after import = 39
========================================================================
Received Import Request.
  Time since last request: 0.000058 seconds.
  path: Assets/Fantasy Forest Environment Free Sample/Meshes/Prefabs/tree_1.prefab
  artifactKey: Guid(eded051879df4c147b9010199d240258) Importer(2089858483,0ecaa5967403d082aa24f35e1b516d23)
Start importing Assets/Fantasy Forest Environment Free Sample/Meshes/Prefabs/tree_1.prefab using Guid(eded051879df4c147b9010199d240258) Importer(2089858483,0ecaa5967403d082aa24f35e1b516d23)  -> (artifact id: 'a9406fceef09cab56f8453b5be526de4') in 0.004497 seconds
Number of updated asset objects reloaded before import = 0
Number of asset objects unloaded after import = 21
========================================================================
Received Import Request.
  Time since last request: 0.000031 seconds.
  path: Assets/_TerrainAutoUpgrade/layer_dirt01b3407d0e55802f81.terrainlayer
  artifactKey: Guid(cb62eca3c348e458c86ccfd6fb5c207b) Importer(2089858483,0ecaa5967403d082aa24f35e1b516d23)
Start importing Assets/_TerrainAutoUpgrade/layer_dirt01b3407d0e55802f81.terrainlayer using Guid(cb62eca3c348e458c86ccfd6fb5c207b) Importer(2089858483,0ecaa5967403d082aa24f35e1b516d23)  -> (artifact id: '6ae7bcf1343e767340df174699bd7c65') in 0.003655 seconds
Number of updated asset objects reloaded before import = 0
Number of asset objects unloaded after import = 2
========================================================================
Received Import Request.
  Time since last request: 0.000044 seconds.
  path: Assets/Fantasy Forest Environment Free Sample/Textures
  artifactKey: Guid(9fcce063c50b58049b8c0bb17dc31ac4) Importer(2089858483,0ecaa5967403d082aa24f35e1b516d23)
Start importing Assets/Fantasy Forest Environment Free Sample/Textures using Guid(9fcce063c50b58049b8c0bb17dc31ac4) Importer(2089858483,0ecaa5967403d082aa24f35e1b516d23)  -> (artifact id: '165c1453417cc7121fdcb1d0c333e65e') in 0.001430 seconds
Number of updated asset objects reloaded before import = 0
Number of asset objects unloaded after import = 1
========================================================================
Received Import Request.
  Time since last request: 0.000101 seconds.
  path: Assets/Fantasy Forest Environment Free Sample/Textures/grass01.tga
  artifactKey: Guid(6c41a2cea80b4fc499bac2a6c14a4514) Importer(2089858483,0ecaa5967403d082aa24f35e1b516d23)
Start importing Assets/Fantasy Forest Environment Free Sample/Textures/grass01.tga using Guid(6c41a2cea80b4fc499bac2a6c14a4514) Importer(2089858483,0ecaa5967403d082aa24f35e1b516d23)  -> (artifact id: '3c590c200b6c5a19e4429f827acf3845') in 0.008643 seconds
Number of updated asset objects reloaded before import = 0
Number of asset objects unloaded after import = 1
========================================================================
Received Import Request.
  Time since last request: 0.000096 seconds.
  path: Assets/Fantasy Forest Environment Free Sample/Textures/dirt01.tga
  artifactKey: Guid(30ec70ef60a2bb54ea2df6f72c77bdc6) Importer(2089858483,0ecaa5967403d082aa24f35e1b516d23)
Start importing Assets/Fantasy Forest Environment Free Sample/Textures/dirt01.tga using Guid(30ec70ef60a2bb54ea2df6f72c77bdc6) Importer(2089858483,0ecaa5967403d082aa24f35e1b516d23)  -> (artifact id: '09b0771e74cfafa9c8a5986f3ea10ce5') in 0.007868 seconds
Number of updated asset objects reloaded before import = 0
Number of asset objects unloaded after import = 1
========================================================================
Received Import Request.
  Time since last request: 4.208360 seconds.
  path: Assets/Fantasy Forest Environment Free Sample/Materials/dirt01.mat
  artifactKey: Guid(02f626fd2f11216458890862c5864d34) Importer(815301076,1909f56bfc062723c751e8b465ee728b)
Start importing Assets/Fantasy Forest Environment Free Sample/Materials/dirt01.mat using Guid(02f626fd2f11216458890862c5864d34) Importer(815301076,1909f56bfc062723c751e8b465ee728b)  -> (artifact id: 'f028b81ec648515e9374eaf1045e51d8') in 0.182425 seconds
Number of updated asset objects reloaded before import = 0
Number of asset objects unloaded after import = 2
========================================================================
Received Import Request.
  Time since last request: 0.000040 seconds.
  path: Assets/Fantasy Forest Environment Free Sample/Materials/skyMaterial.mat
  artifactKey: Guid(cb20c710b0721ef4d88cabbec2aa4da7) Importer(815301076,1909f56bfc062723c751e8b465ee728b)
Start importing Assets/Fantasy Forest Environment Free Sample/Materials/skyMaterial.mat using Guid(cb20c710b0721ef4d88cabbec2aa4da7) Importer(815301076,1909f56bfc062723c751e8b465ee728b)  -> (artifact id: '91d284f1999c1260717624a861b3c611') in 0.087232 seconds
Number of updated asset objects reloaded before import = 0
Number of asset objects unloaded after import = 1
========================================================================
Received Import Request.
  Time since last request: 0.000111 seconds.
  path: Assets/Fantasy Forest Environment Free Sample/Materials/tree_branches.mat
  artifactKey: Guid(16a185093c7e02d40a49265c23c74417) Importer(815301076,1909f56bfc062723c751e8b465ee728b)
Start importing Assets/Fantasy Forest Environment Free Sample/Materials/tree_branches.mat using Guid(16a185093c7e02d40a49265c23c74417) Importer(815301076,1909f56bfc062723c751e8b465ee728b)  -> (artifact id: 'f5ecde791d0361bba26f3b0d3d43b368') in 0.226083 seconds
Number of updated asset objects reloaded before import = 0
Number of asset objects unloaded after import = 3
========================================================================
Received Import Request.
  Time since last request: 0.000035 seconds.
  path: Assets/Fantasy Forest Environment Free Sample/Materials/grass01.mat
  artifactKey: Guid(40e69315dc8bd0b45be8bf7143248fba) Importer(815301076,1909f56bfc062723c751e8b465ee728b)
Start importing Assets/Fantasy Forest Environment Free Sample/Materials/grass01.mat using Guid(40e69315dc8bd0b45be8bf7143248fba) Importer(815301076,1909f56bfc062723c751e8b465ee728b)  -> (artifact id: '895b3c92c45fadb308177272490fdbd0') in 0.007692 seconds
Number of updated asset objects reloaded before import = 0
Number of asset objects unloaded after import = 2
========================================================================
Received Import Request.
  Time since last request: 140.660468 seconds.
  path: Assets/Fantasy Forest Environment Free Sample/Textures/dirt01.tga
  artifactKey: Guid(30ec70ef60a2bb54ea2df6f72c77bdc6) Importer(815301076,1909f56bfc062723c751e8b465ee728b)
Start importing Assets/Fantasy Forest Environment Free Sample/Textures/dirt01.tga using Guid(30ec70ef60a2bb54ea2df6f72c77bdc6) Importer(815301076,1909f56bfc062723c751e8b465ee728b)  -> (artifact id: '159c59c49af96a13cf3ea0d906f7fa41') in 0.011316 seconds
Number of updated asset objects reloaded before import = 0
Number of asset objects unloaded after import = 2
========================================================================
Received Import Request.
  Time since last request: 0.000152 seconds.
  path: Assets/Fantasy Forest Environment Free Sample/Textures/grass01_b.tga
  artifactKey: Guid(b69992f31e7145e4ba49aa8118c5541c) Importer(815301076,1909f56bfc062723c751e8b465ee728b)
Start importing Assets/Fantasy Forest Environment Free Sample/Textures/grass01_b.tga using Guid(b69992f31e7145e4ba49aa8118c5541c) Importer(815301076,1909f56bfc062723c751e8b465ee728b)  -> (artifact id: '3a36254dcc3d7e5d8109d071d0258d59') in 0.006072 seconds
Number of updated asset objects reloaded before import = 0
Number of asset objects unloaded after import = 2
========================================================================
Received Import Request.
  Time since last request: 0.000088 seconds.
  path: Assets/Fantasy Forest Environment Free Sample/Textures/grass01.tga
  artifactKey: Guid(6c41a2cea80b4fc499bac2a6c14a4514) Importer(815301076,1909f56bfc062723c751e8b465ee728b)
Start importing Assets/Fantasy Forest Environment Free Sample/Textures/grass01.tga using Guid(6c41a2cea80b4fc499bac2a6c14a4514) Importer(815301076,1909f56bfc062723c751e8b465ee728b)  -> (artifact id: '85c3c8fd3880c91d4f42c68bac3cc12e') in 0.005502 seconds
Number of updated asset objects reloaded before import = 0
Number of asset objects unloaded after import = 2
========================================================================
Received Import Request.
  Time since last request: 103.625609 seconds.
  path: Assets/_TerrainAutoUpgrade/layer_grass01_bb3407d0e55802f81.terrainlayer
  artifactKey: Guid(31cd77bb0a69f4b78803fb6182904360) Importer(815301076,1909f56bfc062723c751e8b465ee728b)
Start importing Assets/_TerrainAutoUpgrade/layer_grass01_bb3407d0e55802f81.terrainlayer using Guid(31cd77bb0a69f4b78803fb6182904360) Importer(815301076,1909f56bfc062723c751e8b465ee728b)  -> (artifact id: '268d9011bd87e0dc68d6f3f148c5c21c') in 0.016181 seconds
Number of updated asset objects reloaded before import = 0
Number of asset objects unloaded after import = 2
========================================================================
Received Import Request.
  Time since last request: 22.300037 seconds.
  path: Assets/_TerrainAutoUpgrade/layer_grass01_bb3407d0e55802f81.terrainlayer
  artifactKey: Guid(31cd77bb0a69f4b78803fb6182904360) Importer(815301076,1909f56bfc062723c751e8b465ee728b)
Start importing Assets/_TerrainAutoUpgrade/layer_grass01_bb3407d0e55802f81.terrainlayer using Guid(31cd77bb0a69f4b78803fb6182904360) Importer(815301076,1909f56bfc062723c751e8b465ee728b)  -> (artifact id: 'c3207be95f17609c4fc1c09f269ab8a5') in 0.001676 seconds
Number of updated asset objects reloaded before import = 0
Number of asset objects unloaded after import = 1
========================================================================
Received Import Request.
  Time since last request: 8.236406 seconds.
  path: Assets/Medieval village/Cart/cart_4w.fbx
  artifactKey: Guid(41cd55efaf0e951419f2bbe9a1117252) Importer(815301076,1909f56bfc062723c751e8b465ee728b)
Start importing Assets/Medieval village/Cart/cart_4w.fbx using Guid(41cd55efaf0e951419f2bbe9a1117252) Importer(815301076,1909f56bfc062723c751e8b465ee728b)  -> (artifact id: '00baa0425c9aa695548898c6ea137c53') in 0.523499 seconds
Number of updated asset objects reloaded before import = 0
Number of asset objects unloaded after import = 21
========================================================================
Received Import Request.
  Time since last request: 103.054393 seconds.
  path: Assets/Medieval village/Cart/Materials/Ground.mat
  artifactKey: Guid(fb0d1c9436c95e94988adecdde62badc) Importer(2089858483,0ecaa5967403d082aa24f35e1b516d23)
Start importing Assets/Medieval village/Cart/Materials/Ground.mat using Guid(fb0d1c9436c95e94988adecdde62badc) Importer(2089858483,0ecaa5967403d082aa24f35e1b516d23)  -> (artifact id: '98b050d4be126788d154154be6055df4') in 0.003839 seconds
Number of updated asset objects reloaded before import = 0
Number of asset objects unloaded after import = 1
========================================================================
Received Prepare
Begin MonoManager ReloadAssembly
Thread 0x17f7d7000 may have been prematurely finalized
Symbol file LoadedFromMemory doesn't match image /Users/zumralkan/Desktop/oyun fabrikası/firstgame/Library/PackageCache/com.unity.visualscripting@1.8.0/Editor/VisualScripting.Core/Dependencies/YamlDotNet/Unity.VisualScripting.YamlDotNet.dll
Symbol file LoadedFromMemory doesn't match image /Users/zumralkan/Desktop/oyun fabrikası/firstgame/Library/PackageCache/com.unity.visualscripting@1.8.0/Editor/VisualScripting.Core/Dependencies/DotNetZip/Unity.VisualScripting.IonicZip.dll
Assembly 'Assets/Plugins/Octane/Editor.dll' will not be loaded due to errors:
Unable to resolve reference 'UnityEngine.Timeline'. Is the assembly missing or incompatible with the current platform?
Reference validation can be disabled in the Plugin Inspector.
- Loaded All Assemblies, in  0.450 seconds
Refreshing native plugins compatible for Editor in 1.06 ms, found 2 plugins.
Native extension for Android target not found
Native extension for OSXStandalone target not found
Mono: successfully reloaded assembly
- Finished resetting the current domain, in  0.556 seconds
Domain Reload Profiling: 1006ms
	BeginReloadAssembly (91ms)
		ExecutionOrderSort (0ms)
		DisableScriptedObjects (2ms)
		BackupInstance (0ms)
		ReleaseScriptingObjects (0ms)
		CreateAndSetChildDomain (33ms)
	RebuildCommonClasses (23ms)
	RebuildNativeTypeToScriptingClass (8ms)
	initialDomainReloadingComplete (14ms)
	LoadAllAssembliesAndSetupDomain (313ms)
		LoadAssemblies (159ms)
		RebuildTransferFunctionScriptingTraits (0ms)
		AnalyzeDomain (183ms)
			TypeCache.Refresh (175ms)
				TypeCache.ScanAssembly (169ms)
			ScanForSourceGeneratedMonoScriptInfo (5ms)
			ResolveRequiredComponents (3ms)
	FinalizeReload (557ms)
		ReleaseScriptCaches (0ms)
		RebuildScriptCaches (0ms)
		SetupLoadedEditorAssemblies (169ms)
			LogAssemblyErrors (0ms)
			InitializePlatformSupportModulesInManaged (11ms)
			SetLoadedEditorAssemblies (2ms)
			RefreshPlugins (0ms)
			BeforeProcessingInitializeOnLoad (29ms)
			ProcessInitializeOnLoadAttributes (116ms)
			ProcessInitializeOnLoadMethodAttributes (10ms)
			AfterProcessingInitializeOnLoad (1ms)
			EditorAssembliesLoaded (0ms)
		ExecutionOrderSort2 (0ms)
		AwakeInstancesAfterBackupRestoration (3ms)
Shader 'Octane/PBR Override': fallback shader 'StandardSpecular' not found
Shader 'Octane/PBR Override': fallback shader 'StandardSpecular' not found
Refreshing native plugins compatible for Editor in 0.69 ms, found 2 plugins.
Preloading 0 native plugins for Editor in 0.00 ms.
Unloading 3060 Unused Serialized files (Serialized files now loaded: 0)
Unloading 28 unused Assets / (0.8 MB). Loaded Objects now: 3585.
Memory consumption went from 132.9 MB to 132.1 MB.
Total: 2.482625 ms (FindLiveObjects: 0.111375 ms CreateObjectMapping: 0.036209 ms MarkObjects: 2.048959 ms  DeleteObjects: 0.285667 ms)

Prepare: number of updated asset objects reloaded= 0
AssetImportParameters requested are different than current active one (requested -> active):
  custom:container-demuxer-ogg: 62fdf1f143b41e24485cea50d1cbac27 -> 
  custom:video-decoder-ogg-theora: a1e56fd34408186e4bbccfd4996cb3dc -> 
  custom:container-demuxer-webm: 4f35f7cbe854078d1ac9338744f61a02 -> 
  custom:container-muxer-webm: aa71ff27fc2769a1b78a27578f13a17b -> 
  custom:video-decoder-webm-vp8: 9c59270c3fd7afecdb556c50c9e8de78 -> 
  custom:SearchIndexIgnoredProperties: e643bd26f0fe6173181afceb89e7c659 -> 
  custom:AudioImporter_EditorPlatform: 3918e3fc78b5a79bad01e8451be0beb8 -> 
  custom:framework-osx-AVFoundation: e770b220cccbd017edd2c1fefb359320 -> 
  custom:video-encoder-webm-vp8: eb34c28f22e8b96e1ab97ce403110664 -> 
  custom:audio-decoder-ogg-vorbis: bf7c407c2cedff20999df2af8eb42d56 -> 
  custom:audio-encoder-webm-vorbis: bf7c407c2cedff20999df2af8eb42d56 -> 
========================================================================
Received Prepare
Begin MonoManager ReloadAssembly
Thread 0x16bbf7000 may have been prematurely finalized
Symbol file LoadedFromMemory doesn't match image /Users/zumralkan/Desktop/oyun fabrikası/firstgame/Library/PackageCache/com.unity.visualscripting@1.8.0/Editor/VisualScripting.Core/Dependencies/YamlDotNet/Unity.VisualScripting.YamlDotNet.dll
Symbol file LoadedFromMemory doesn't match image /Users/zumralkan/Desktop/oyun fabrikası/firstgame/Library/PackageCache/com.unity.visualscripting@1.8.0/Editor/VisualScripting.Core/Dependencies/DotNetZip/Unity.VisualScripting.IonicZip.dll
- Loaded All Assemblies, in  0.411 seconds
Refreshing native plugins compatible for Editor in 0.85 ms, found 2 plugins.
Native extension for Android target not found
Native extension for OSXStandalone target not found
Mono: successfully reloaded assembly
- Finished resetting the current domain, in  0.530 seconds
Domain Reload Profiling: 941ms
	BeginReloadAssembly (85ms)
		ExecutionOrderSort (0ms)
		DisableScriptedObjects (3ms)
		BackupInstance (0ms)
		ReleaseScriptingObjects (0ms)
		CreateAndSetChildDomain (30ms)
	RebuildCommonClasses (23ms)
	RebuildNativeTypeToScriptingClass (8ms)
	initialDomainReloadingComplete (13ms)
	LoadAllAssembliesAndSetupDomain (281ms)
		LoadAssemblies (133ms)
		RebuildTransferFunctionScriptingTraits (0ms)
		AnalyzeDomain (177ms)
			TypeCache.Refresh (170ms)
				TypeCache.ScanAssembly (164ms)
			ScanForSourceGeneratedMonoScriptInfo (4ms)
			ResolveRequiredComponents (3ms)
	FinalizeReload (530ms)
		ReleaseScriptCaches (0ms)
		RebuildScriptCaches (0ms)
		SetupLoadedEditorAssemblies (159ms)
			LogAssemblyErrors (0ms)
			InitializePlatformSupportModulesInManaged (12ms)
			SetLoadedEditorAssemblies (2ms)
			RefreshPlugins (0ms)
			BeforeProcessingInitializeOnLoad (30ms)
			ProcessInitializeOnLoadAttributes (105ms)
			ProcessInitializeOnLoadMethodAttributes (10ms)
			AfterProcessingInitializeOnLoad (1ms)
			EditorAssembliesLoaded (0ms)
		ExecutionOrderSort2 (0ms)
		AwakeInstancesAfterBackupRestoration (4ms)
Refreshing native plugins compatible for Editor in 0.81 ms, found 2 plugins.
Preloading 0 native plugins for Editor in 0.00 ms.
Unloading 3058 Unused Serialized files (Serialized files now loaded: 0)
Unloading 22 unused Assets / (30.8 KB). Loaded Objects now: 3588.
Memory consumption went from 136.7 MB to 136.7 MB.
Total: 2.676000 ms (FindLiveObjects: 0.124542 ms CreateObjectMapping: 0.038791 ms MarkObjects: 2.479542 ms  DeleteObjects: 0.032208 ms)

Prepare: number of updated asset objects reloaded= 0
AssetImportParameters requested are different than current active one (requested -> active):
  custom:container-demuxer-ogg: 62fdf1f143b41e24485cea50d1cbac27 -> 
  custom:video-decoder-ogg-theora: a1e56fd34408186e4bbccfd4996cb3dc -> 
  custom:container-demuxer-webm: 4f35f7cbe854078d1ac9338744f61a02 -> 
  custom:container-muxer-webm: aa71ff27fc2769a1b78a27578f13a17b -> 
  custom:video-decoder-webm-vp8: 9c59270c3fd7afecdb556c50c9e8de78 -> 
  custom:SearchIndexIgnoredProperties: e643bd26f0fe6173181afceb89e7c659 -> 
  custom:AudioImporter_EditorPlatform: 3918e3fc78b5a79bad01e8451be0beb8 -> 
  custom:framework-osx-AVFoundation: e770b220cccbd017edd2c1fefb359320 -> 
  custom:video-encoder-webm-vp8: eb34c28f22e8b96e1ab97ce403110664 -> 
  custom:audio-decoder-ogg-vorbis: bf7c407c2cedff20999df2af8eb42d56 -> 
  custom:audio-encoder-webm-vorbis: bf7c407c2cedff20999df2af8eb42d56 -> 
========================================================================
Received Prepare
Begin MonoManager ReloadAssembly
Thread 0x16bbf7000 may have been prematurely finalized
Symbol file LoadedFromMemory doesn't match image /Users/zumralkan/Desktop/oyun fabrikası/firstgame/Library/PackageCache/com.unity.visualscripting@1.8.0/Editor/VisualScripting.Core/Dependencies/YamlDotNet/Unity.VisualScripting.YamlDotNet.dll
Symbol file LoadedFromMemory doesn't match image /Users/zumralkan/Desktop/oyun fabrikası/firstgame/Library/PackageCache/com.unity.visualscripting@1.8.0/Editor/VisualScripting.Core/Dependencies/DotNetZip/Unity.VisualScripting.IonicZip.dll
- Loaded All Assemblies, in  0.495 seconds
Refreshing native plugins compatible for Editor in 1.77 ms, found 2 plugins.
Native extension for Android target not found
Native extension for OSXStandalone target not found
Mono: successfully reloaded assembly
- Finished resetting the current domain, in  0.585 seconds
Domain Reload Profiling: 1081ms
	BeginReloadAssembly (117ms)
		ExecutionOrderSort (0ms)
		DisableScriptedObjects (3ms)
		BackupInstance (0ms)
		ReleaseScriptingObjects (0ms)
		CreateAndSetChildDomain (42ms)
	RebuildCommonClasses (23ms)
	RebuildNativeTypeToScriptingClass (8ms)
	initialDomainReloadingComplete (14ms)
	LoadAllAssembliesAndSetupDomain (333ms)
		LoadAssemblies (185ms)
		RebuildTransferFunctionScriptingTraits (0ms)
		AnalyzeDomain (196ms)
			TypeCache.Refresh (192ms)
				TypeCache.ScanAssembly (186ms)
			ScanForSourceGeneratedMonoScriptInfo (1ms)
			ResolveRequiredComponents (3ms)
	FinalizeReload (585ms)
		ReleaseScriptCaches (0ms)
		RebuildScriptCaches (0ms)
		SetupLoadedEditorAssemblies (183ms)
			LogAssemblyErrors (0ms)
			InitializePlatformSupportModulesInManaged (12ms)
			SetLoadedEditorAssemblies (3ms)
			RefreshPlugins (0ms)
			BeforeProcessingInitializeOnLoad (36ms)
			ProcessInitializeOnLoadAttributes (120ms)
			ProcessInitializeOnLoadMethodAttributes (11ms)
			AfterProcessingInitializeOnLoad (1ms)
			EditorAssembliesLoaded (0ms)
		ExecutionOrderSort2 (0ms)
		AwakeInstancesAfterBackupRestoration (2ms)
Refreshing native plugins compatible for Editor in 0.71 ms, found 2 plugins.
Preloading 0 native plugins for Editor in 0.00 ms.
Unloading 3070 Unused Serialized files (Serialized files now loaded: 0)
Unloading 30 unused Assets / (16.4 MB). Loaded Objects now: 3596.
Memory consumption went from 160.3 MB to 143.9 MB.
Total: 2.773250 ms (FindLiveObjects: 0.118042 ms CreateObjectMapping: 0.038625 ms MarkObjects: 2.263167 ms  DeleteObjects: 0.353083 ms)

Prepare: number of updated asset objects reloaded= 0
AssetImportParameters requested are different than current active one (requested -> active):
  custom:container-demuxer-ogg: 62fdf1f143b41e24485cea50d1cbac27 -> 
  custom:video-decoder-ogg-theora: a1e56fd34408186e4bbccfd4996cb3dc -> 
  custom:container-demuxer-webm: 4f35f7cbe854078d1ac9338744f61a02 -> 
  custom:container-muxer-webm: aa71ff27fc2769a1b78a27578f13a17b -> 
  custom:video-decoder-webm-vp8: 9c59270c3fd7afecdb556c50c9e8de78 -> 
  custom:SearchIndexIgnoredProperties: e643bd26f0fe6173181afceb89e7c659 -> 
  custom:AudioImporter_EditorPlatform: 3918e3fc78b5a79bad01e8451be0beb8 -> 
  custom:framework-osx-AVFoundation: e770b220cccbd017edd2c1fefb359320 -> 
  custom:video-encoder-webm-vp8: eb34c28f22e8b96e1ab97ce403110664 -> 
  custom:audio-decoder-ogg-vorbis: bf7c407c2cedff20999df2af8eb42d56 -> 
  custom:audio-encoder-webm-vorbis: bf7c407c2cedff20999df2af8eb42d56 -> 
========================================================================
Received Import Request.
  Time since last request: 313.270905 seconds.
  path: Assets/Medieval village/Cart/cart_4w.fbx
  artifactKey: Guid(41cd55efaf0e951419f2bbe9a1117252) Importer(815301076,1909f56bfc062723c751e8b465ee728b)
Start importing Assets/Medieval village/Cart/cart_4w.fbx using Guid(41cd55efaf0e951419f2bbe9a1117252) Importer(815301076,1909f56bfc062723c751e8b465ee728b)  -> (artifact id: '73fbaa7a97a41c84602cdadb2f51632f') in 0.089834 seconds
Number of updated asset objects reloaded before import = 0
Number of asset objects unloaded after import = 21
========================================================================
Received Prepare
Begin MonoManager ReloadAssembly
Thread 0x16bbf7000 may have been prematurely finalized
Symbol file LoadedFromMemory doesn't match image /Users/zumralkan/Desktop/oyun fabrikası/firstgame/Library/PackageCache/com.unity.visualscripting@1.8.0/Editor/VisualScripting.Core/Dependencies/YamlDotNet/Unity.VisualScripting.YamlDotNet.dll
Symbol file LoadedFromMemory doesn't match image /Users/zumralkan/Desktop/oyun fabrikası/firstgame/Library/PackageCache/com.unity.visualscripting@1.8.0/Editor/VisualScripting.Core/Dependencies/DotNetZip/Unity.VisualScripting.IonicZip.dll
- Loaded All Assemblies, in  0.420 seconds
Refreshing native plugins compatible for Editor in 0.88 ms, found 2 plugins.
Native extension for Android target not found
Native extension for OSXStandalone target not found
Mono: successfully reloaded assembly
- Finished resetting the current domain, in  0.544 seconds
Domain Reload Profiling: 964ms
	BeginReloadAssembly (84ms)
		ExecutionOrderSort (0ms)
		DisableScriptedObjects (3ms)
		BackupInstance (0ms)
		ReleaseScriptingObjects (0ms)
		CreateAndSetChildDomain (30ms)
	RebuildCommonClasses (22ms)
	RebuildNativeTypeToScriptingClass (8ms)
	initialDomainReloadingComplete (13ms)
	LoadAllAssembliesAndSetupDomain (293ms)
		LoadAssemblies (144ms)
		RebuildTransferFunctionScriptingTraits (0ms)
		AnalyzeDomain (176ms)
			TypeCache.Refresh (173ms)
				TypeCache.ScanAssembly (167ms)
			ScanForSourceGeneratedMonoScriptInfo (1ms)
			ResolveRequiredComponents (2ms)
	FinalizeReload (544ms)
		ReleaseScriptCaches (0ms)
		RebuildScriptCaches (0ms)
		SetupLoadedEditorAssemblies (176ms)
			LogAssemblyErrors (0ms)
			InitializePlatformSupportModulesInManaged (12ms)
			SetLoadedEditorAssemblies (3ms)
			RefreshPlugins (0ms)
			BeforeProcessingInitializeOnLoad (34ms)
			ProcessInitializeOnLoadAttributes (115ms)
			ProcessInitializeOnLoadMethodAttributes (12ms)
			AfterProcessingInitializeOnLoad (1ms)
			EditorAssembliesLoaded (0ms)
		ExecutionOrderSort2 (0ms)
		AwakeInstancesAfterBackupRestoration (2ms)
Refreshing native plugins compatible for Editor in 0.69 ms, found 2 plugins.
Preloading 0 native plugins for Editor in 0.00 ms.
Unloading 3078 Unused Serialized files (Serialized files now loaded: 0)
Unloading 34 unused Assets / (16.9 MB). Loaded Objects now: 3603.
Memory consumption went from 167.9 MB to 150.9 MB.
Total: 2.577208 ms (FindLiveObjects: 0.136959 ms CreateObjectMapping: 0.037666 ms MarkObjects: 1.937125 ms  DeleteObjects: 0.464834 ms)

Prepare: number of updated asset objects reloaded= 0
AssetImportParameters requested are different than current active one (requested -> active):
  custom:container-demuxer-ogg: 62fdf1f143b41e24485cea50d1cbac27 -> 
  custom:video-decoder-ogg-theora: a1e56fd34408186e4bbccfd4996cb3dc -> 
  custom:container-demuxer-webm: 4f35f7cbe854078d1ac9338744f61a02 -> 
  custom:container-muxer-webm: aa71ff27fc2769a1b78a27578f13a17b -> 
  custom:video-decoder-webm-vp8: 9c59270c3fd7afecdb556c50c9e8de78 -> 
  custom:SearchIndexIgnoredProperties: e643bd26f0fe6173181afceb89e7c659 -> 
  custom:AudioImporter_EditorPlatform: 3918e3fc78b5a79bad01e8451be0beb8 -> 
  custom:framework-osx-AVFoundation: e770b220cccbd017edd2c1fefb359320 -> 
  custom:video-encoder-webm-vp8: eb34c28f22e8b96e1ab97ce403110664 -> 
  custom:audio-decoder-ogg-vorbis: bf7c407c2cedff20999df2af8eb42d56 -> 
  custom:audio-encoder-webm-vorbis: bf7c407c2cedff20999df2af8eb42d56 -> 
========================================================================
Received Import Request.
  Time since last request: 210.433028 seconds.
  path: Assets/CTI URP/CTI Runtime Components URP/CTI URP Demo/PF Jatoba LOD Group URP.prefab
  artifactKey: Guid(709333b5c7078b54c9169b329c7e3889) Importer(815301076,1909f56bfc062723c751e8b465ee728b)
Start importing Assets/CTI URP/CTI Runtime Components URP/CTI URP Demo/PF Jatoba LOD Group URP.prefab using Guid(709333b5c7078b54c9169b329c7e3889) Importer(815301076,1909f56bfc062723c751e8b465ee728b)  -> (artifact id: '8b177ef102e3412316bc32d04fb25c33') in 0.084196 seconds
Number of updated asset objects reloaded before import = 0
Number of asset objects unloaded after import = 35
========================================================================
Received Import Request.
  Time since last request: 60.139389 seconds.
  path: Assets/CTI URP/CTI Runtime Components URP/ShaderGraphs/Includes/CTI URP SG Billboard.hlsl
  artifactKey: Guid(135f75a97ae2e2e43b2cc94a2ee0898d) Importer(815301076,1909f56bfc062723c751e8b465ee728b)
Start importing Assets/CTI URP/CTI Runtime Components URP/ShaderGraphs/Includes/CTI URP SG Billboard.hlsl using Guid(135f75a97ae2e2e43b2cc94a2ee0898d) Importer(815301076,1909f56bfc062723c751e8b465ee728b)  -> (artifact id: '33039139ce7a732f724990cf85d1e8de') in 0.001417 seconds
Number of updated asset objects reloaded before import = 0
Number of asset objects unloaded after import = 1
========================================================================
Received Import Request.
  Time since last request: 0.000193 seconds.
  path: Assets/CTI URP/CTI Runtime Components URP/ShaderGraphs/Includes/CTI URP SG Lighting.hlsl
  artifactKey: Guid(f091e92bb3c3a8346a1a082b1b1260dc) Importer(815301076,1909f56bfc062723c751e8b465ee728b)
Start importing Assets/CTI URP/CTI Runtime Components URP/ShaderGraphs/Includes/CTI URP SG Lighting.hlsl using Guid(f091e92bb3c3a8346a1a082b1b1260dc) Importer(815301076,1909f56bfc062723c751e8b465ee728b)  -> (artifact id: '14f1890bbcfd04b9636027132f85e5bf') in 0.000661 seconds
Number of updated asset objects reloaded before import = 0
Number of asset objects unloaded after import = 1
========================================================================
Received Import Request.
  Time since last request: 17.198004 seconds.
  path: Assets/Conifers [BOTD]/Shared Sources/Textures/BODT Conifer Branches [Trans] [Smoothness].psd
  artifactKey: Guid(ca6a46a4d37514e00ae826202bad794e) Importer(815301076,1909f56bfc062723c751e8b465ee728b)
Start importing Assets/Conifers [BOTD]/Shared Sources/Textures/BODT Conifer Branches [Trans] [Smoothness].psd using Guid(ca6a46a4d37514e00ae826202bad794e) Importer(815301076,1909f56bfc062723c751e8b465ee728b)  -> (artifact id: 'b57e7a98f48b5a17de33452ab0e36d37') in 0.008871 seconds
Number of updated asset objects reloaded before import = 0
Number of asset objects unloaded after import = 2
========================================================================
Received Import Request.
  Time since last request: 0.000136 seconds.
  path: Assets/Conifers [BOTD]/Shared Sources/Textures/BODT Conifer Trunk [Normal] [AO] [Specular].psd
  artifactKey: Guid(cc724252428df448db5a10316678900b) Importer(815301076,1909f56bfc062723c751e8b465ee728b)
Start importing Assets/Conifers [BOTD]/Shared Sources/Textures/BODT Conifer Trunk [Normal] [AO] [Specular].psd using Guid(cc724252428df448db5a10316678900b) Importer(815301076,1909f56bfc062723c751e8b465ee728b)  -> (artifact id: 'bea2b61adc370ca6c58e34768aa63101') in 0.007827 seconds
Number of updated asset objects reloaded before import = 0
Number of asset objects unloaded after import = 2
========================================================================
Received Import Request.
  Time since last request: 0.000249 seconds.
  path: Assets/Conifers [BOTD]/Shared Sources/Textures/BODT Conifer Trunk [Albedo] [Smoothness].tif
  artifactKey: Guid(802f5539a44734bfcacbe5243d44edf1) Importer(815301076,1909f56bfc062723c751e8b465ee728b)
Start importing Assets/Conifers [BOTD]/Shared Sources/Textures/BODT Conifer Trunk [Albedo] [Smoothness].tif using Guid(802f5539a44734bfcacbe5243d44edf1) Importer(815301076,1909f56bfc062723c751e8b465ee728b)  -> (artifact id: '6e7a4ddd85ddea5e801b490acdfc1bf6') in 0.004798 seconds
Number of updated asset objects reloaded before import = 0
Number of asset objects unloaded after import = 2
========================================================================
Received Import Request.
  Time since last request: 0.000043 seconds.
  path: Assets/Conifers [BOTD]/Shared Sources/Textures/BODT Conifer x Stump [Normal] [AO] [Specular].tif
  artifactKey: Guid(7292f645408434cb896aaee2fd9c2a14) Importer(815301076,1909f56bfc062723c751e8b465ee728b)
Start importing Assets/Conifers [BOTD]/Shared Sources/Textures/BODT Conifer x Stump [Normal] [AO] [Specular].tif using Guid(7292f645408434cb896aaee2fd9c2a14) Importer(815301076,1909f56bfc062723c751e8b465ee728b)  -> (artifact id: '73b5afb7a3e18e2f0516862be21c6651') in 0.007444 seconds
Number of updated asset objects reloaded before import = 0
Number of asset objects unloaded after import = 2
========================================================================
Received Import Request.
  Time since last request: 0.000041 seconds.
  path: Assets/Conifers [BOTD]/Shared Sources/Textures/BODT Conifer x Stump [Albedo] [Smoothness].tif
  artifactKey: Guid(d7e1060759db04260bbeb12bc11664bd) Importer(815301076,1909f56bfc062723c751e8b465ee728b)
Start importing Assets/Conifers [BOTD]/Shared Sources/Textures/BODT Conifer x Stump [Albedo] [Smoothness].tif using Guid(d7e1060759db04260bbeb12bc11664bd) Importer(815301076,1909f56bfc062723c751e8b465ee728b)  -> (artifact id: '19332a19c9a401447f83fe2fe8cb0bd4') in 0.006720 seconds
Number of updated asset objects reloaded before import = 0
Number of asset objects unloaded after import = 2
========================================================================
Received Import Request.
  Time since last request: 0.000135 seconds.
  path: Assets/Conifers [BOTD]/Shared Sources/Textures/BODT Conifer Branches_Normal combined.tif
  artifactKey: Guid(d7dcdeeae2a5d4c6f8e5328e09728b47) Importer(815301076,1909f56bfc062723c751e8b465ee728b)
Start importing Assets/Conifers [BOTD]/Shared Sources/Textures/BODT Conifer Branches_Normal combined.tif using Guid(d7dcdeeae2a5d4c6f8e5328e09728b47) Importer(815301076,1909f56bfc062723c751e8b465ee728b)  -> (artifact id: '6bb69d87fd6d547ecdefadd4a2948237') in 0.004395 seconds
Number of updated asset objects reloaded before import = 0
Number of asset objects unloaded after import = 2
========================================================================
Received Prepare
Begin MonoManager ReloadAssembly
Thread 0x16bbf7000 may have been prematurely finalized
Symbol file LoadedFromMemory doesn't match image /Users/zumralkan/Desktop/oyun fabrikası/firstgame/Library/PackageCache/com.unity.visualscripting@1.8.0/Editor/VisualScripting.Core/Dependencies/YamlDotNet/Unity.VisualScripting.YamlDotNet.dll
Symbol file LoadedFromMemory doesn't match image /Users/zumralkan/Desktop/oyun fabrikası/firstgame/Library/PackageCache/com.unity.visualscripting@1.8.0/Editor/VisualScripting.Core/Dependencies/DotNetZip/Unity.VisualScripting.IonicZip.dll
- Loaded All Assemblies, in  0.436 seconds
Refreshing native plugins compatible for Editor in 0.90 ms, found 2 plugins.
Native extension for Android target not found
Native extension for OSXStandalone target not found
Mono: successfully reloaded assembly
- Finished resetting the current domain, in  0.548 seconds
Domain Reload Profiling: 984ms
	BeginReloadAssembly (84ms)
		ExecutionOrderSort (0ms)
		DisableScriptedObjects (3ms)
		BackupInstance (0ms)
		ReleaseScriptingObjects (0ms)
		CreateAndSetChildDomain (30ms)
	RebuildCommonClasses (23ms)
	RebuildNativeTypeToScriptingClass (8ms)
	initialDomainReloadingComplete (13ms)
	LoadAllAssembliesAndSetupDomain (308ms)
		LoadAssemblies (158ms)
		RebuildTransferFunctionScriptingTraits (0ms)
		AnalyzeDomain (178ms)
			TypeCache.Refresh (175ms)
				TypeCache.ScanAssembly (169ms)
			ScanForSourceGeneratedMonoScriptInfo (1ms)
			ResolveRequiredComponents (2ms)
	FinalizeReload (549ms)
		ReleaseScriptCaches (0ms)
		RebuildScriptCaches (0ms)
		SetupLoadedEditorAssemblies (173ms)
			LogAssemblyErrors (0ms)
			InitializePlatformSupportModulesInManaged (12ms)
			SetLoadedEditorAssemblies (3ms)
			RefreshPlugins (0ms)
			BeforeProcessingInitializeOnLoad (36ms)
			ProcessInitializeOnLoadAttributes (111ms)
			ProcessInitializeOnLoadMethodAttributes (10ms)
			AfterProcessingInitializeOnLoad (2ms)
			EditorAssembliesLoaded (0ms)
		ExecutionOrderSort2 (0ms)
		AwakeInstancesAfterBackupRestoration (2ms)
Refreshing native plugins compatible for Editor in 0.66 ms, found 2 plugins.
Preloading 0 native plugins for Editor in 0.00 ms.
Unloading 3065 Unused Serialized files (Serialized files now loaded: 0)
Unloading 28 unused Assets / (441.7 KB). Loaded Objects now: 3604.
Memory consumption went from 155.0 MB to 154.6 MB.
Total: 2.305000 ms (FindLiveObjects: 0.110334 ms CreateObjectMapping: 0.039333 ms MarkObjects: 1.947250 ms  DeleteObjects: 0.207167 ms)

Prepare: number of updated asset objects reloaded= 0
AssetImportParameters requested are different than current active one (requested -> active):
  custom:container-demuxer-ogg: 62fdf1f143b41e24485cea50d1cbac27 -> 
  custom:video-decoder-ogg-theora: a1e56fd34408186e4bbccfd4996cb3dc -> 
  custom:container-demuxer-webm: 4f35f7cbe854078d1ac9338744f61a02 -> 
  custom:container-muxer-webm: aa71ff27fc2769a1b78a27578f13a17b -> 
  custom:video-decoder-webm-vp8: 9c59270c3fd7afecdb556c50c9e8de78 -> 
  custom:SearchIndexIgnoredProperties: e643bd26f0fe6173181afceb89e7c659 -> 
  custom:AudioImporter_EditorPlatform: 3918e3fc78b5a79bad01e8451be0beb8 -> 
  custom:framework-osx-AVFoundation: e770b220cccbd017edd2c1fefb359320 -> 
  custom:video-encoder-webm-vp8: eb34c28f22e8b96e1ab97ce403110664 -> 
  custom:audio-decoder-ogg-vorbis: bf7c407c2cedff20999df2af8eb42d56 -> 
  custom:audio-encoder-webm-vorbis: bf7c407c2cedff20999df2af8eb42d56 -> 
========================================================================
Received Prepare
Begin MonoManager ReloadAssembly
Thread 0x16bbf7000 may have been prematurely finalized
Symbol file LoadedFromMemory doesn't match image /Users/zumralkan/Desktop/oyun fabrikası/firstgame/Library/PackageCache/com.unity.visualscripting@1.8.0/Editor/VisualScripting.Core/Dependencies/YamlDotNet/Unity.VisualScripting.YamlDotNet.dll
Symbol file LoadedFromMemory doesn't match image /Users/zumralkan/Desktop/oyun fabrikası/firstgame/Library/PackageCache/com.unity.visualscripting@1.8.0/Editor/VisualScripting.Core/Dependencies/DotNetZip/Unity.VisualScripting.IonicZip.dll
- Loaded All Assemblies, in  0.427 seconds
Refreshing native plugins compatible for Editor in 1.05 ms, found 2 plugins.
Native extension for Android target not found
Native extension for OSXStandalone target not found
Mono: successfully reloaded assembly
- Finished resetting the current domain, in  0.540 seconds
Domain Reload Profiling: 967ms
	BeginReloadAssembly (82ms)
		ExecutionOrderSort (0ms)
		DisableScriptedObjects (3ms)
		BackupInstance (0ms)
		ReleaseScriptingObjects (0ms)
		CreateAndSetChildDomain (29ms)
	RebuildCommonClasses (23ms)
	RebuildNativeTypeToScriptingClass (8ms)
	initialDomainReloadingComplete (13ms)
	LoadAllAssembliesAndSetupDomain (300ms)
		LoadAssemblies (155ms)
		RebuildTransferFunctionScriptingTraits (0ms)
		AnalyzeDomain (173ms)
			TypeCache.Refresh (170ms)
				TypeCache.ScanAssembly (164ms)
			ScanForSourceGeneratedMonoScriptInfo (1ms)
			ResolveRequiredComponents (2ms)
	FinalizeReload (540ms)
		ReleaseScriptCaches (0ms)
		RebuildScriptCaches (0ms)
		SetupLoadedEditorAssemblies (167ms)
			LogAssemblyErrors (0ms)
			InitializePlatformSupportModulesInManaged (13ms)
			SetLoadedEditorAssemblies (2ms)
			RefreshPlugins (0ms)
			BeforeProcessingInitializeOnLoad (31ms)
			ProcessInitializeOnLoadAttributes (111ms)
			ProcessInitializeOnLoadMethodAttributes (10ms)
			AfterProcessingInitializeOnLoad (1ms)
			EditorAssembliesLoaded (0ms)
		ExecutionOrderSort2 (0ms)
		AwakeInstancesAfterBackupRestoration (2ms)
Refreshing native plugins compatible for Editor in 0.84 ms, found 2 plugins.
Preloading 0 native plugins for Editor in 0.00 ms.
Unloading 3058 Unused Serialized files (Serialized files now loaded: 0)
Unloading 23 unused Assets / (31.1 KB). Loaded Objects now: 3606.
Memory consumption went from 158.8 MB to 158.8 MB.
Total: 2.241583 ms (FindLiveObjects: 0.130334 ms CreateObjectMapping: 0.042583 ms MarkObjects: 2.028417 ms  DeleteObjects: 0.038416 ms)

Prepare: number of updated asset objects reloaded= 0
AssetImportParameters requested are different than current active one (requested -> active):
  custom:container-demuxer-ogg: 62fdf1f143b41e24485cea50d1cbac27 -> 
  custom:video-decoder-ogg-theora: a1e56fd34408186e4bbccfd4996cb3dc -> 
  custom:container-demuxer-webm: 4f35f7cbe854078d1ac9338744f61a02 -> 
  custom:container-muxer-webm: aa71ff27fc2769a1b78a27578f13a17b -> 
  custom:video-decoder-webm-vp8: 9c59270c3fd7afecdb556c50c9e8de78 -> 
  custom:SearchIndexIgnoredProperties: e643bd26f0fe6173181afceb89e7c659 -> 
  custom:AudioImporter_EditorPlatform: 3918e3fc78b5a79bad01e8451be0beb8 -> 
  custom:framework-osx-AVFoundation: e770b220cccbd017edd2c1fefb359320 -> 
  custom:video-encoder-webm-vp8: eb34c28f22e8b96e1ab97ce403110664 -> 
  custom:audio-decoder-ogg-vorbis: bf7c407c2cedff20999df2af8eb42d56 -> 
  custom:audio-encoder-webm-vorbis: bf7c407c2cedff20999df2af8eb42d56 -> 
========================================================================
Received Import Request.
  Time since last request: 1571.213459 seconds.
  path: Assets/VillagePack/BigHouse/BigHousePrefab.prefab
  artifactKey: Guid(1e132733b84047940b6a9043814d6ee2) Importer(815301076,1909f56bfc062723c751e8b465ee728b)
Start importing Assets/VillagePack/BigHouse/BigHousePrefab.prefab using Guid(1e132733b84047940b6a9043814d6ee2) Importer(815301076,1909f56bfc062723c751e8b465ee728b)  -> (artifact id: '04f8b47c0021ae9587610ce67528982b') in 0.340072 seconds
Number of updated asset objects reloaded before import = 0
Number of asset objects unloaded after import = 178
========================================================================
Received Import Request.
  Time since last request: 2.467236 seconds.
  path: Assets/VillagePack/Fence/FencePrefab.prefab
  artifactKey: Guid(2394d7d557201f048b00c84246231eb0) Importer(815301076,1909f56bfc062723c751e8b465ee728b)
Start importing Assets/VillagePack/Fence/FencePrefab.prefab using Guid(2394d7d557201f048b00c84246231eb0) Importer(815301076,1909f56bfc062723c751e8b465ee728b)  -> (artifact id: '1e4d2eadb196bbe225d68df86436190b') in 0.011737 seconds
Number of updated asset objects reloaded before import = 0
Number of asset objects unloaded after import = 33
========================================================================
Received Import Request.
  Time since last request: 1.586301 seconds.
  path: Assets/VillagePack/OldHouse/OldHousePrefab.prefab
  artifactKey: Guid(2082f115d38a4a94fabde959cb0bfd45) Importer(815301076,1909f56bfc062723c751e8b465ee728b)
Start importing Assets/VillagePack/OldHouse/OldHousePrefab.prefab using Guid(2082f115d38a4a94fabde959cb0bfd45) Importer(815301076,1909f56bfc062723c751e8b465ee728b)  -> (artifact id: 'c3afb499b3997f61b1e5675c44d02fde') in 0.338328 seconds
Number of updated asset objects reloaded before import = 0
Number of asset objects unloaded after import = 119
========================================================================
Received Import Request.
  Time since last request: 0.000068 seconds.
  path: Assets/VillagePack/OldHouse/VhRoofBeamBump.png
  artifactKey: Guid(1f2ebf25d09b1b24ca0340d76fc6c70d) Importer(815301076,1909f56bfc062723c751e8b465ee728b)
Start importing Assets/VillagePack/OldHouse/VhRoofBeamBump.png using Guid(1f2ebf25d09b1b24ca0340d76fc6c70d) Importer(815301076,1909f56bfc062723c751e8b465ee728b)  -> (artifact id: 'a5321e8002b10685612e9aac2f0f4746') in 0.048226 seconds
Number of updated asset objects reloaded before import = 0
Number of asset objects unloaded after import = 2
========================================================================
Received Import Request.
  Time since last request: 0.000052 seconds.
  path: Assets/VillagePack/OldHouse/VHFloorbump.png
  artifactKey: Guid(20144227dc3d3084f855ee7bbb3e1cb2) Importer(815301076,1909f56bfc062723c751e8b465ee728b)
Start importing Assets/VillagePack/OldHouse/VHFloorbump.png using Guid(20144227dc3d3084f855ee7bbb3e1cb2) Importer(815301076,1909f56bfc062723c751e8b465ee728b)  -> (artifact id: '5be3f81a6d5d81042ca5715fb3d9c0a8') in 0.005530 seconds
Number of updated asset objects reloaded before import = 0
Number of asset objects unloaded after import = 2
========================================================================
Received Import Request.
  Time since last request: 0.000137 seconds.
  path: Assets/VillagePack/OldHouse/VHFrameWoodReflection.png
  artifactKey: Guid(b871b2c92bb308b4899d40f7fdc11da0) Importer(815301076,1909f56bfc062723c751e8b465ee728b)
Start importing Assets/VillagePack/OldHouse/VHFrameWoodReflection.png using Guid(b871b2c92bb308b4899d40f7fdc11da0) Importer(815301076,1909f56bfc062723c751e8b465ee728b)  -> (artifact id: '8b48fe1763ade78e141681fdff74b65c') in 0.004419 seconds
Number of updated asset objects reloaded before import = 0
Number of asset objects unloaded after import = 2
========================================================================
Received Import Request.
  Time since last request: 0.000035 seconds.
  path: Assets/VillagePack/OldHouse/VHWallsWood.png
  artifactKey: Guid(01538a64a4b1e9c47baacae8db4399ff) Importer(815301076,1909f56bfc062723c751e8b465ee728b)
Start importing Assets/VillagePack/OldHouse/VHWallsWood.png using Guid(01538a64a4b1e9c47baacae8db4399ff) Importer(815301076,1909f56bfc062723c751e8b465ee728b)  -> (artifact id: '245d77ada77e1c4fad8308fa42f44d1d') in 0.006915 seconds
Number of updated asset objects reloaded before import = 0
Number of asset objects unloaded after import = 2
========================================================================
Received Import Request.
  Time since last request: 0.000102 seconds.
  path: Assets/VillagePack/OldHouse/VhRoofBeam.png
  artifactKey: Guid(96b5269f1b04f0d46b27d83b3c5c9e7d) Importer(815301076,1909f56bfc062723c751e8b465ee728b)
Start importing Assets/VillagePack/OldHouse/VhRoofBeam.png using Guid(96b5269f1b04f0d46b27d83b3c5c9e7d) Importer(815301076,1909f56bfc062723c751e8b465ee728b)  -> (artifact id: '40915c4aa394293941d1d7ecf99ea428') in 0.004203 seconds
Number of updated asset objects reloaded before import = 0
Number of asset objects unloaded after import = 2
========================================================================
Received Import Request.
  Time since last request: 0.000042 seconds.
  path: Assets/VillagePack/OldHouse/VHRoofBump.png
  artifactKey: Guid(cf2650c5837f0e34dbd3c79ddd1e5202) Importer(815301076,1909f56bfc062723c751e8b465ee728b)
Start importing Assets/VillagePack/OldHouse/VHRoofBump.png using Guid(cf2650c5837f0e34dbd3c79ddd1e5202) Importer(815301076,1909f56bfc062723c751e8b465ee728b)  -> (artifact id: 'af9f7fc3165a185967a489e28f829621') in 0.005149 seconds
Number of updated asset objects reloaded before import = 0
Number of asset objects unloaded after import = 2
========================================================================
Received Import Request.
  Time since last request: 0.000077 seconds.
  path: Assets/VillagePack/OldHouse/VHWallsWoodReflection.png
  artifactKey: Guid(628d677ce8e1e564fa24221710488702) Importer(815301076,1909f56bfc062723c751e8b465ee728b)
Start importing Assets/VillagePack/OldHouse/VHWallsWoodReflection.png using Guid(628d677ce8e1e564fa24221710488702) Importer(815301076,1909f56bfc062723c751e8b465ee728b)  -> (artifact id: '8ebad2dfb03eb330a6acac8e00601b25') in 0.003668 seconds
Number of updated asset objects reloaded before import = 0
Number of asset objects unloaded after import = 2
========================================================================
Received Import Request.
  Time since last request: 0.000190 seconds.
  path: Assets/VillagePack/OldHouse/VHFloorReflection.png
  artifactKey: Guid(69496a935f64b8d4e9af45080f1846cd) Importer(815301076,1909f56bfc062723c751e8b465ee728b)
Start importing Assets/VillagePack/OldHouse/VHFloorReflection.png using Guid(69496a935f64b8d4e9af45080f1846cd) Importer(815301076,1909f56bfc062723c751e8b465ee728b)  -> (artifact id: 'b2bb4b8c989dcd2748b553c5d212d07b') in 0.004211 seconds
Number of updated asset objects reloaded before import = 0
Number of asset objects unloaded after import = 2
========================================================================
Received Import Request.
  Time since last request: 0.000099 seconds.
  path: Assets/VillagePack/OldHouse/VHDecorationWoodBump.png
  artifactKey: Guid(b09ddd850b05c71439414e3151feccb5) Importer(815301076,1909f56bfc062723c751e8b465ee728b)
Start importing Assets/VillagePack/OldHouse/VHDecorationWoodBump.png using Guid(b09ddd850b05c71439414e3151feccb5) Importer(815301076,1909f56bfc062723c751e8b465ee728b)  -> (artifact id: 'c258b84153834a2613a9375354c3e7ef') in 0.004591 seconds
Number of updated asset objects reloaded before import = 0
Number of asset objects unloaded after import = 2
========================================================================
Received Import Request.
  Time since last request: 0.000041 seconds.
  path: Assets/VillagePack/OldHouse/VHDecorationWood.png
  artifactKey: Guid(f1f3a21fbeb4283488049ea216fcaad9) Importer(815301076,1909f56bfc062723c751e8b465ee728b)
Start importing Assets/VillagePack/OldHouse/VHDecorationWood.png using Guid(f1f3a21fbeb4283488049ea216fcaad9) Importer(815301076,1909f56bfc062723c751e8b465ee728b)  -> (artifact id: '8a012baf6c6cb22d68a3078bac3f2ea4') in 0.004072 seconds
Number of updated asset objects reloaded before import = 0
Number of asset objects unloaded after import = 2
========================================================================
Received Import Request.
  Time since last request: 0.000119 seconds.
  path: Assets/VillagePack/OldHouse/VHFrameWoodBump.png
  artifactKey: Guid(b32f987e367a5864e8b76d58821e2504) Importer(815301076,1909f56bfc062723c751e8b465ee728b)
Start importing Assets/VillagePack/OldHouse/VHFrameWoodBump.png using Guid(b32f987e367a5864e8b76d58821e2504) Importer(815301076,1909f56bfc062723c751e8b465ee728b)  -> (artifact id: '6d4f8880263ee4ed3bdab0c1abd997a4') in 0.005440 seconds
Number of updated asset objects reloaded before import = 0
Number of asset objects unloaded after import = 2
========================================================================
Received Import Request.
  Time since last request: 0.000058 seconds.
  path: Assets/VillagePack/OldHouse/VHRoofReflection.png
  artifactKey: Guid(e5fe530986054d94fbb5d408360d7f99) Importer(815301076,1909f56bfc062723c751e8b465ee728b)
Start importing Assets/VillagePack/OldHouse/VHRoofReflection.png using Guid(e5fe530986054d94fbb5d408360d7f99) Importer(815301076,1909f56bfc062723c751e8b465ee728b)  -> (artifact id: '4dfd6867196b885545f5bd17fd862af6') in 0.003683 seconds
Number of updated asset objects reloaded before import = 0
Number of asset objects unloaded after import = 2
========================================================================
Received Import Request.
  Time since last request: 0.000035 seconds.
  path: Assets/VillagePack/OldHouse/VHWallsWoodBump.png
  artifactKey: Guid(27cdd57b05f42c4429740b17d6318ee1) Importer(815301076,1909f56bfc062723c751e8b465ee728b)
Start importing Assets/VillagePack/OldHouse/VHWallsWoodBump.png using Guid(27cdd57b05f42c4429740b17d6318ee1) Importer(815301076,1909f56bfc062723c751e8b465ee728b)  -> (artifact id: 'f7ded184852631d3effc36c3dfa280d7') in 0.005070 seconds
Number of updated asset objects reloaded before import = 0
Number of asset objects unloaded after import = 2
========================================================================
Received Import Request.
  Time since last request: 0.000060 seconds.
  path: Assets/VillagePack/OldHouse/VHDecorationWoodReflection.png
  artifactKey: Guid(8e9e9cab61928be48bc45b48888f7218) Importer(815301076,1909f56bfc062723c751e8b465ee728b)
Start importing Assets/VillagePack/OldHouse/VHDecorationWoodReflection.png using Guid(8e9e9cab61928be48bc45b48888f7218) Importer(815301076,1909f56bfc062723c751e8b465ee728b)  -> (artifact id: '70dc4b73c5e23bd57a91a89739d405b7') in 0.004288 seconds
Number of updated asset objects reloaded before import = 0
Number of asset objects unloaded after import = 2
========================================================================
Received Import Request.
  Time since last request: 0.000190 seconds.
  path: Assets/VillagePack/OldHouse/VhRoofBeamReflection.png
  artifactKey: Guid(ab62098b6e725c14b9c87024566b2039) Importer(815301076,1909f56bfc062723c751e8b465ee728b)
Start importing Assets/VillagePack/OldHouse/VhRoofBeamReflection.png using Guid(ab62098b6e725c14b9c87024566b2039) Importer(815301076,1909f56bfc062723c751e8b465ee728b)  -> (artifact id: '283e74701fc7210e6584432292fb350e') in 0.003974 seconds
Number of updated asset objects reloaded before import = 0
Number of asset objects unloaded after import = 2
========================================================================
Received Import Request.
  Time since last request: 0.000033 seconds.
  path: Assets/VillagePack/OldHouse/VHFrameWood.png
  artifactKey: Guid(d5eb7e4e06f5ca34597ad309febb9151) Importer(815301076,1909f56bfc062723c751e8b465ee728b)
Start importing Assets/VillagePack/OldHouse/VHFrameWood.png using Guid(d5eb7e4e06f5ca34597ad309febb9151) Importer(815301076,1909f56bfc062723c751e8b465ee728b)  -> (artifact id: '2450fbe46bcf762bd0ff3bbf4fbd2e27') in 0.004152 seconds
Number of updated asset objects reloaded before import = 0
Number of asset objects unloaded after import = 2
========================================================================
Received Import Request.
  Time since last request: 0.000097 seconds.
  path: Assets/VillagePack/OldHouse/VHFloor.png
  artifactKey: Guid(7c43aecd6c9b73e46bf167c2cbbc8ce4) Importer(815301076,1909f56bfc062723c751e8b465ee728b)
Start importing Assets/VillagePack/OldHouse/VHFloor.png using Guid(7c43aecd6c9b73e46bf167c2cbbc8ce4) Importer(815301076,1909f56bfc062723c751e8b465ee728b)  -> (artifact id: 'a4b9b07c9bedb320b129e8e4da5b958b') in 0.003806 seconds
Number of updated asset objects reloaded before import = 0
Number of asset objects unloaded after import = 2
========================================================================
Received Import Request.
  Time since last request: 1.768318 seconds.
  path: Assets/VillagePack/Well/Rope.png
  artifactKey: Guid(0b087a51403f18b419b1199af1720f4c) Importer(815301076,1909f56bfc062723c751e8b465ee728b)
Start importing Assets/VillagePack/Well/Rope.png using Guid(0b087a51403f18b419b1199af1720f4c) Importer(815301076,1909f56bfc062723c751e8b465ee728b)  -> (artifact id: '867618d2220d1b816cc18357fdfdd555') in 0.006332 seconds
Number of updated asset objects reloaded before import = 0
Number of asset objects unloaded after import = 2
========================================================================
Received Import Request.
  Time since last request: 0.000131 seconds.
  path: Assets/VillagePack/Well/Well.prefab
  artifactKey: Guid(22780bb3d42e70349b5857c462d56bcb) Importer(815301076,1909f56bfc062723c751e8b465ee728b)
Start importing Assets/VillagePack/Well/Well.prefab using Guid(22780bb3d42e70349b5857c462d56bcb) Importer(815301076,1909f56bfc062723c751e8b465ee728b)  -> (artifact id: '416e56c6c2c7399ee69f1447a6d29b95') in 0.091861 seconds
Number of updated asset objects reloaded before import = 0
Number of asset objects unloaded after import = 384
========================================================================
Received Import Request.
  Time since last request: 0.000033 seconds.
  path: Assets/VillagePack/Well/WellStick.png
  artifactKey: Guid(956d97028264af84f9a53ca6951cf2ae) Importer(815301076,1909f56bfc062723c751e8b465ee728b)
Start importing Assets/VillagePack/Well/WellStick.png using Guid(956d97028264af84f9a53ca6951cf2ae) Importer(815301076,1909f56bfc062723c751e8b465ee728b)  -> (artifact id: '28409b4db58c9d7c37879fdd98131b74') in 0.006121 seconds
Number of updated asset objects reloaded before import = 0
Number of asset objects unloaded after import = 2
========================================================================
Received Prepare
Begin MonoManager ReloadAssembly
Thread 0x16bbf7000 may have been prematurely finalized
Symbol file LoadedFromMemory doesn't match image /Users/zumralkan/Desktop/oyun fabrikası/firstgame/Library/PackageCache/com.unity.visualscripting@1.8.0/Editor/VisualScripting.Core/Dependencies/YamlDotNet/Unity.VisualScripting.YamlDotNet.dll
Symbol file LoadedFromMemory doesn't match image /Users/zumralkan/Desktop/oyun fabrikası/firstgame/Library/PackageCache/com.unity.visualscripting@1.8.0/Editor/VisualScripting.Core/Dependencies/DotNetZip/Unity.VisualScripting.IonicZip.dll
- Loaded All Assemblies, in  0.505 seconds
Refreshing native plugins compatible for Editor in 2.00 ms, found 2 plugins.
Native extension for Android target not found
Native extension for OSXStandalone target not found
Mono: successfully reloaded assembly
- Finished resetting the current domain, in  0.595 seconds
Domain Reload Profiling: 1100ms
	BeginReloadAssembly (123ms)
		ExecutionOrderSort (0ms)
		DisableScriptedObjects (3ms)
		BackupInstance (0ms)
		ReleaseScriptingObjects (0ms)
		CreateAndSetChildDomain (44ms)
	RebuildCommonClasses (24ms)
	RebuildNativeTypeToScriptingClass (8ms)
	initialDomainReloadingComplete (14ms)
	LoadAllAssembliesAndSetupDomain (335ms)
		LoadAssemblies (196ms)
		RebuildTransferFunctionScriptingTraits (0ms)
		AnalyzeDomain (190ms)
			TypeCache.Refresh (186ms)
				TypeCache.ScanAssembly (178ms)
			ScanForSourceGeneratedMonoScriptInfo (1ms)
			ResolveRequiredComponents (2ms)
	FinalizeReload (596ms)
		ReleaseScriptCaches (0ms)
		RebuildScriptCaches (0ms)
		SetupLoadedEditorAssemblies (182ms)
			LogAssemblyErrors (0ms)
			InitializePlatformSupportModulesInManaged (12ms)
			SetLoadedEditorAssemblies (3ms)
			RefreshPlugins (0ms)
			BeforeProcessingInitializeOnLoad (34ms)
			ProcessInitializeOnLoadAttributes (121ms)
			ProcessInitializeOnLoadMethodAttributes (11ms)
			AfterProcessingInitializeOnLoad (1ms)
			EditorAssembliesLoaded (0ms)
		ExecutionOrderSort2 (0ms)
		AwakeInstancesAfterBackupRestoration (2ms)
Refreshing native plugins compatible for Editor in 0.85 ms, found 2 plugins.
Preloading 0 native plugins for Editor in 0.00 ms.
Unloading 3071 Unused Serialized files (Serialized files now loaded: 0)
Unloading 34 unused Assets / (58.1 MB). Loaded Objects now: 3616.
Memory consumption went from 226.2 MB to 168.1 MB.
Total: 13.969042 ms (FindLiveObjects: 0.115125 ms CreateObjectMapping: 0.037708 ms MarkObjects: 12.450250 ms  DeleteObjects: 1.364625 ms)

Prepare: number of updated asset objects reloaded= 0
AssetImportParameters requested are different than current active one (requested -> active):
  custom:container-demuxer-ogg: 62fdf1f143b41e24485cea50d1cbac27 -> 
  custom:video-decoder-ogg-theora: a1e56fd34408186e4bbccfd4996cb3dc -> 
  custom:container-demuxer-webm: 4f35f7cbe854078d1ac9338744f61a02 -> 
  custom:container-muxer-webm: aa71ff27fc2769a1b78a27578f13a17b -> 
  custom:video-decoder-webm-vp8: 9c59270c3fd7afecdb556c50c9e8de78 -> 
  custom:SearchIndexIgnoredProperties: e643bd26f0fe6173181afceb89e7c659 -> 
  custom:AudioImporter_EditorPlatform: 3918e3fc78b5a79bad01e8451be0beb8 -> 
  custom:framework-osx-AVFoundation: e770b220cccbd017edd2c1fefb359320 -> 
  custom:video-encoder-webm-vp8: eb34c28f22e8b96e1ab97ce403110664 -> 
  custom:audio-decoder-ogg-vorbis: bf7c407c2cedff20999df2af8eb42d56 -> 
  custom:audio-encoder-webm-vorbis: bf7c407c2cedff20999df2af8eb42d56 -> 
========================================================================
Received Import Request.
  Time since last request: 494.895029 seconds.
  path: Assets/Medieval village/Cart/Materials/Ground.mat
  artifactKey: Guid(fb0d1c9436c95e94988adecdde62badc) Importer(815301076,1909f56bfc062723c751e8b465ee728b)
Start importing Assets/Medieval village/Cart/Materials/Ground.mat using Guid(fb0d1c9436c95e94988adecdde62badc) Importer(815301076,1909f56bfc062723c751e8b465ee728b)  -> (artifact id: '65953f193632e249e020efc3636a6018') in 0.059996 seconds
Number of updated asset objects reloaded before import = 0
Number of asset objects unloaded after import = 1
========================================================================
Received Import Request.
  Time since last request: 5.688173 seconds.
  path: Assets/Medieval village/Cart/PREFABs/cart_4w.prefab
  artifactKey: Guid(b36af59f34432cc4e84faf493a39a92b) Importer(815301076,1909f56bfc062723c751e8b465ee728b)
Start importing Assets/Medieval village/Cart/PREFABs/cart_4w.prefab using Guid(b36af59f34432cc4e84faf493a39a92b) Importer(815301076,1909f56bfc062723c751e8b465ee728b)  -> (artifact id: '55a8566bd68c957a935fb8237c2a0bfa') in 0.012251 seconds
Number of updated asset objects reloaded before import = 0
Number of asset objects unloaded after import = 29
========================================================================
Received Import Request.
  Time since last request: 291.303824 seconds.
  path: Assets/VillagePack/Well/Materials/Ring.mat
  artifactKey: Guid(936b9c9c74eefc648ba00f158b62a5f6) Importer(815301076,1909f56bfc062723c751e8b465ee728b)
Start importing Assets/VillagePack/Well/Materials/Ring.mat using Guid(936b9c9c74eefc648ba00f158b62a5f6) Importer(815301076,1909f56bfc062723c751e8b465ee728b)  -> (artifact id: 'f5191a2ebb501e5f7535ce90742bea18') in 0.007037 seconds
Number of updated asset objects reloaded before import = 0
Number of asset objects unloaded after import = 2
========================================================================
Received Import Request.
  Time since last request: 0.000046 seconds.
  path: Assets/VillagePack/Well/Materials/StickBackSide.009.mat
  artifactKey: Guid(2594d53bfa10c6b47832dde4d7a03c12) Importer(815301076,1909f56bfc062723c751e8b465ee728b)
Start importing Assets/VillagePack/Well/Materials/StickBackSide.009.mat using Guid(2594d53bfa10c6b47832dde4d7a03c12) Importer(815301076,1909f56bfc062723c751e8b465ee728b)  -> (artifact id: '9cb086035eb754b54495ecea4cb5e860') in 0.004027 seconds
Number of updated asset objects reloaded before import = 0
Number of asset objects unloaded after import = 1
========================================================================
Received Import Request.
  Time since last request: 0.000041 seconds.
  path: Assets/VillagePack/Well/Materials/StickBackSide.013.mat
  artifactKey: Guid(1e7267af9e10b074fb63289926cdd17e) Importer(815301076,1909f56bfc062723c751e8b465ee728b)
Start importing Assets/VillagePack/Well/Materials/StickBackSide.013.mat using Guid(1e7267af9e10b074fb63289926cdd17e) Importer(815301076,1909f56bfc062723c751e8b465ee728b)  -> (artifact id: '921a15b49cccd2ef144fcde970fe21bb') in 0.003935 seconds
Number of updated asset objects reloaded before import = 0
Number of asset objects unloaded after import = 1
========================================================================
Received Import Request.
  Time since last request: 0.000686 seconds.
  path: Assets/VillagePack/Well/Materials/StickBackSide.041.mat
  artifactKey: Guid(1a59a6750a4f6704798fbfbc690130a1) Importer(815301076,1909f56bfc062723c751e8b465ee728b)
Start importing Assets/VillagePack/Well/Materials/StickBackSide.041.mat using Guid(1a59a6750a4f6704798fbfbc690130a1) Importer(815301076,1909f56bfc062723c751e8b465ee728b)  -> (artifact id: '4aca40b7be9f9a37a962098da1e82d88') in 0.004846 seconds
Number of updated asset objects reloaded before import = 0
Number of asset objects unloaded after import = 1
========================================================================
Received Import Request.
  Time since last request: 0.000205 seconds.
  path: Assets/VillagePack/Well/Materials/StickBackSide.016.mat
  artifactKey: Guid(941c1990aa3f8cd4d95decf47de314ba) Importer(815301076,1909f56bfc062723c751e8b465ee728b)
Start importing Assets/VillagePack/Well/Materials/StickBackSide.016.mat using Guid(941c1990aa3f8cd4d95decf47de314ba) Importer(815301076,1909f56bfc062723c751e8b465ee728b)  -> (artifact id: '380347fe3fae925c1c5ce5e01770f3a6') in 0.009623 seconds
Number of updated asset objects reloaded before import = 0
Number of asset objects unloaded after import = 1
========================================================================
Received Import Request.
  Time since last request: 0.000052 seconds.
  path: Assets/VillagePack/Well/Materials/StickBackSide.053.mat
  artifactKey: Guid(16b65026629e38f43b7892229f871d34) Importer(815301076,1909f56bfc062723c751e8b465ee728b)
Start importing Assets/VillagePack/Well/Materials/StickBackSide.053.mat using Guid(16b65026629e38f43b7892229f871d34) Importer(815301076,1909f56bfc062723c751e8b465ee728b)  -> (artifact id: '52b766826cb670ef13262f211580980b') in 0.004884 seconds
Number of updated asset objects reloaded before import = 0
Number of asset objects unloaded after import = 1
========================================================================
Received Import Request.
  Time since last request: 0.000151 seconds.
  path: Assets/VillagePack/Well/Materials/Rope.mat
  artifactKey: Guid(bae07849ede7f9749afae80f6a3c98ec) Importer(815301076,1909f56bfc062723c751e8b465ee728b)
Start importing Assets/VillagePack/Well/Materials/Rope.mat using Guid(bae07849ede7f9749afae80f6a3c98ec) Importer(815301076,1909f56bfc062723c751e8b465ee728b)  -> (artifact id: '7fe06062a05d8689c43b6fbf0fefa2bc') in 0.006328 seconds
Number of updated asset objects reloaded before import = 0
Number of asset objects unloaded after import = 2
========================================================================
Received Import Request.
  Time since last request: 0.000197 seconds.
  path: Assets/VillagePack/Well/Materials/StickBackSide.045.mat
  artifactKey: Guid(94138eeb2d9f03544a23b1499045548c) Importer(815301076,1909f56bfc062723c751e8b465ee728b)
Start importing Assets/VillagePack/Well/Materials/StickBackSide.045.mat using Guid(94138eeb2d9f03544a23b1499045548c) Importer(815301076,1909f56bfc062723c751e8b465ee728b)  -> (artifact id: '0a660779428b44a5ecd3ae8c039cb184') in 0.011268 seconds
Number of updated asset objects reloaded before import = 0
Number of asset objects unloaded after import = 1
========================================================================
Received Import Request.
  Time since last request: 0.000034 seconds.
  path: Assets/VillagePack/Well/Materials/StickBackSide.007.mat
  artifactKey: Guid(b1e693f4e02c2b74c9e0789d2d6b2666) Importer(815301076,1909f56bfc062723c751e8b465ee728b)
Start importing Assets/VillagePack/Well/Materials/StickBackSide.007.mat using Guid(b1e693f4e02c2b74c9e0789d2d6b2666) Importer(815301076,1909f56bfc062723c751e8b465ee728b)  -> (artifact id: '32373501aa6a540bb5bdc3c284e4616b') in 0.004075 seconds
Number of updated asset objects reloaded before import = 0
Number of asset objects unloaded after import = 1
========================================================================
Received Import Request.
  Time since last request: 0.000103 seconds.
  path: Assets/VillagePack/Well/Materials/StickBackSide.011.mat
  artifactKey: Guid(e679f9d1737dc4647ba9d2b3e311a2f4) Importer(815301076,1909f56bfc062723c751e8b465ee728b)
Start importing Assets/VillagePack/Well/Materials/StickBackSide.011.mat using Guid(e679f9d1737dc4647ba9d2b3e311a2f4) Importer(815301076,1909f56bfc062723c751e8b465ee728b)  -> (artifact id: '0d6e1da76f4dda2a31e565a7206bf956') in 0.004786 seconds
Number of updated asset objects reloaded before import = 0
Number of asset objects unloaded after import = 1
========================================================================
Received Import Request.
  Time since last request: 0.000203 seconds.
  path: Assets/VillagePack/Well/Materials/StickBackSide.001.mat
  artifactKey: Guid(a3c9e7e6abc801a469eacedf9a095a79) Importer(815301076,1909f56bfc062723c751e8b465ee728b)
Start importing Assets/VillagePack/Well/Materials/StickBackSide.001.mat using Guid(a3c9e7e6abc801a469eacedf9a095a79) Importer(815301076,1909f56bfc062723c751e8b465ee728b)  -> (artifact id: 'acfab29094a1874f67b2868e60d1a74c') in 0.008874 seconds
Number of updated asset objects reloaded before import = 0
Number of asset objects unloaded after import = 1
========================================================================
Received Import Request.
  Time since last request: 0.000157 seconds.
  path: Assets/VillagePack/Well/Materials/StickBackSide.014.mat
  artifactKey: Guid(1f5dc7a834281114f8fae7336a3fdc77) Importer(815301076,1909f56bfc062723c751e8b465ee728b)
Start importing Assets/VillagePack/Well/Materials/StickBackSide.014.mat using Guid(1f5dc7a834281114f8fae7336a3fdc77) Importer(815301076,1909f56bfc062723c751e8b465ee728b)  -> (artifact id: 'd63c341a4a025b5af9da5ff23aeabe5c') in 0.004607 seconds
Number of updated asset objects reloaded before import = 0
Number of asset objects unloaded after import = 1
========================================================================
Received Import Request.
  Time since last request: 0.000626 seconds.
  path: Assets/VillagePack/Well/Materials/StickBackSide.043.mat
  artifactKey: Guid(0b056126cfeaf394286602b12dc9cc98) Importer(815301076,1909f56bfc062723c751e8b465ee728b)
Start importing Assets/VillagePack/Well/Materials/StickBackSide.043.mat using Guid(0b056126cfeaf394286602b12dc9cc98) Importer(815301076,1909f56bfc062723c751e8b465ee728b)  -> (artifact id: '589952014bf89c0bc3b843c75e0713f8') in 0.004677 seconds
Number of updated asset objects reloaded before import = 0
Number of asset objects unloaded after import = 1
========================================================================
Received Import Request.
  Time since last request: 0.000141 seconds.
  path: Assets/VillagePack/Well/Materials/StickBackSide.055.mat
  artifactKey: Guid(0e78e682f356fb2469a0521c4f5a3457) Importer(815301076,1909f56bfc062723c751e8b465ee728b)
Start importing Assets/VillagePack/Well/Materials/StickBackSide.055.mat using Guid(0e78e682f356fb2469a0521c4f5a3457) Importer(815301076,1909f56bfc062723c751e8b465ee728b)  -> (artifact id: '5359d3e26934c39cdb7da1197c56f86f') in 0.008758 seconds
Number of updated asset objects reloaded before import = 0
Number of asset objects unloaded after import = 1
========================================================================
Received Import Request.
  Time since last request: 0.000063 seconds.
  path: Assets/VillagePack/Well/Materials/StickBackSide.015.mat
  artifactKey: Guid(e2a1321ff0abe3d458495fed040811e1) Importer(815301076,1909f56bfc062723c751e8b465ee728b)
Start importing Assets/VillagePack/Well/Materials/StickBackSide.015.mat using Guid(e2a1321ff0abe3d458495fed040811e1) Importer(815301076,1909f56bfc062723c751e8b465ee728b)  -> (artifact id: 'b123a75b580f73c2804f0851443af3af') in 0.004070 seconds
Number of updated asset objects reloaded before import = 0
Number of asset objects unloaded after import = 1
========================================================================
Received Import Request.
  Time since last request: 0.000619 seconds.
  path: Assets/VillagePack/Well/Materials/StickBackSide.006.mat
  artifactKey: Guid(22c7222b2abc5da4fb5dfe8613d8a4aa) Importer(815301076,1909f56bfc062723c751e8b465ee728b)
Start importing Assets/VillagePack/Well/Materials/StickBackSide.006.mat using Guid(22c7222b2abc5da4fb5dfe8613d8a4aa) Importer(815301076,1909f56bfc062723c751e8b465ee728b)  -> (artifact id: '657047229133e6602142a1a806659674') in 0.004924 seconds
Number of updated asset objects reloaded before import = 0
Number of asset objects unloaded after import = 1
========================================================================
Received Import Request.
  Time since last request: 0.000130 seconds.
  path: Assets/VillagePack/Well/Materials/StickBackSide.048.mat
  artifactKey: Guid(0bb3275a9e3ae324a84896c2f041cc1c) Importer(815301076,1909f56bfc062723c751e8b465ee728b)
Start importing Assets/VillagePack/Well/Materials/StickBackSide.048.mat using Guid(0bb3275a9e3ae324a84896c2f041cc1c) Importer(815301076,1909f56bfc062723c751e8b465ee728b)  -> (artifact id: '1c40eaab67c8a54aa81ab200d6fcda2d') in 0.008029 seconds
Number of updated asset objects reloaded before import = 0
Number of asset objects unloaded after import = 1
========================================================================
Received Import Request.
  Time since last request: 79.224786 seconds.
  path: Assets/Medieval village/Cart/Textures/cart512_a.png
  artifactKey: Guid(2fe8d9533e19ec84794385ab92d3b7a6) Importer(815301076,1909f56bfc062723c751e8b465ee728b)
Start importing Assets/Medieval village/Cart/Textures/cart512_a.png using Guid(2fe8d9533e19ec84794385ab92d3b7a6) Importer(815301076,1909f56bfc062723c751e8b465ee728b)  -> (artifact id: 'b4f92abca3cf23087161d53a5c7c983e') in 0.009659 seconds
Number of updated asset objects reloaded before import = 0
Number of asset objects unloaded after import = 2
